Run #18, RUNTIME ERROR: The file /home/fzhang59/dev/Dissertation-ABM-paper/Agave_Experiment/Transit agencies ABM_noHeader.csv cannot be found
error while observer running FILE-AT-END?
  called by procedure IMPORT-ORGS
  called by procedure SETUP
  called by procedure __EVALUATOR
org.nlogo.nvm.RuntimePrimitiveException: The file /home/fzhang59/dev/Dissertation-ABM-paper/Agave_Experiment/Transit agencies ABM_noHeader.csv cannot be found
	at org.nlogo.prim.file._fileatend.report(primitives.scala:16)
	at org.nlogo.prim._asm_procedureimportorgs_while_27.perform()
	at org.nlogo.nvm.Context.stepConcurrent(Context.java:107)
	at org.nlogo.nvm.ConcurrentJob.step(ConcurrentJob.scala:65)
	at org.nlogo.job.JobThread.runPrimaryJobs(JobThread.scala:133)
	at org.nlogo.job.JobThread.$anonfun$run$1(JobThread.scala:68)
	at scala.runtime.java8.JFunction0$mcV$sp.apply(JFunction0$mcV$sp.java:12)
	at scala.util.control.Exception$Catch.apply(Exception.scala:224)
	at org.nlogo.api.Exceptions$.handling(Exceptions.scala:41)
	at org.nlogo.job.JobThread.run(JobThread.scala:66)
Run #19, RUNTIME ERROR: The file /home/fzhang59/dev/Dissertation-ABM-paper/Agave_Experiment/Transit agencies ABM_noHeader.csv cannot be found
error while observer running FILE-AT-END?
  called by procedure IMPORT-ORGS
  called by procedure SETUP
  called by procedure __EVALUATOR
org.nlogo.nvm.RuntimePrimitiveException: The file /home/fzhang59/dev/Dissertation-ABM-paper/Agave_Experiment/Transit agencies ABM_noHeader.csv cannot be found
	at org.nlogo.prim.file._fileatend.report(primitives.scala:16)
	at org.nlogo.prim._asm_procedureimportorgs_while_27.perform()
	at org.nlogo.nvm.Context.stepConcurrent(Context.java:107)
	at org.nlogo.nvm.ConcurrentJob.step(ConcurrentJob.scala:65)
	at org.nlogo.job.JobThread.runPrimaryJobs(JobThread.scala:133)
	at org.nlogo.job.JobThread.$anonfun$run$1(JobThread.scala:68)
	at scala.runtime.java8.JFunction0$mcV$sp.apply(JFunction0$mcV$sp.java:12)
	at scala.util.control.Exception$Catch.apply(Exception.scala:224)
	at org.nlogo.api.Exceptions$.handling(Exceptions.scala:41)
	at org.nlogo.job.JobThread.run(JobThread.scala:66)
Run #21, RUNTIME ERROR: The file /home/fzhang59/dev/Dissertation-ABM-paper/Agave_Experiment/Transit agencies ABM_noHeader.csv cannot be found
error while observer running FILE-AT-END?
  called by procedure IMPORT-ORGS
  called by procedure SETUP
  called by procedure __EVALUATOR
org.nlogo.nvm.RuntimePrimitiveException: The file /home/fzhang59/dev/Dissertation-ABM-paper/Agave_Experiment/Transit agencies ABM_noHeader.csv cannot be found
	at org.nlogo.prim.file._fileatend.report(primitives.scala:16)
	at org.nlogo.prim._asm_procedureimportorgs_while_27.perform()
	at org.nlogo.nvm.Context.stepConcurrent(Context.java:107)
	at org.nlogo.nvm.ConcurrentJob.step(ConcurrentJob.scala:65)
	at org.nlogo.job.JobThread.runPrimaryJobs(JobThread.scala:133)
	at org.nlogo.job.JobThread.$anonfun$run$1(JobThread.scala:68)
	at scala.runtime.java8.JFunction0$mcV$sp.apply(JFunction0$mcV$sp.java:12)
	at scala.util.control.Exception$Catch.apply(Exception.scala:224)
	at org.nlogo.api.Exceptions$.handling(Exceptions.scala:41)
	at org.nlogo.job.JobThread.run(JobThread.scala:66)
Run #20, RUNTIME ERROR: The file /home/fzhang59/dev/Dissertation-ABM-paper/Agave_Experiment/Transit agencies ABM_noHeader.csv cannot be found
error while observer running FILE-AT-END?
  called by procedure IMPORT-ORGS
  called by procedure SETUP
  called by procedure __EVALUATOR
org.nlogo.nvm.RuntimePrimitiveException: The file /home/fzhang59/dev/Dissertation-ABM-paper/Agave_Experiment/Transit agencies ABM_noHeader.csv cannot be found
	at org.nlogo.prim.file._fileatend.report(primitives.scala:16)
	at org.nlogo.prim._asm_procedureimportorgs_while_27.perform()
	at org.nlogo.nvm.Context.stepConcurrent(Context.java:107)
	at org.nlogo.nvm.ConcurrentJob.step(ConcurrentJob.scala:65)
	at org.nlogo.job.JobThread.runPrimaryJobs(JobThread.scala:133)
	at org.nlogo.job.JobThread.$anonfun$run$1(JobThread.scala:68)
	at scala.runtime.java8.JFunction0$mcV$sp.apply(JFunction0$mcV$sp.java:12)
	at scala.util.control.Exception$Catch.apply(Exception.scala:224)
	at org.nlogo.api.Exceptions$.handling(Exceptions.scala:41)
	at org.nlogo.job.JobThread.run(JobThread.scala:66)
Run #17, RUNTIME ERROR: The file /home/fzhang59/dev/Dissertation-ABM-paper/Agave_Experiment/Transit agencies ABM_noHeader.csv cannot be found
error while observer running FILE-AT-END?
  called by procedure IMPORT-ORGS
  called by procedure SETUP
  called by procedure __EVALUATOR
org.nlogo.nvm.RuntimePrimitiveException: The file /home/fzhang59/dev/Dissertation-ABM-paper/Agave_Experiment/Transit agencies ABM_noHeader.csv cannot be found
	at org.nlogo.prim.file._fileatend.report(primitives.scala:16)
	at org.nlogo.prim._asm_procedureimportorgs_while_27.perform()
	at org.nlogo.nvm.Context.stepConcurrent(Context.java:107)
	at org.nlogo.nvm.ConcurrentJob.step(ConcurrentJob.scala:65)
	at org.nlogo.job.JobThread.runPrimaryJobs(JobThread.scala:133)
	at org.nlogo.job.JobThread.$anonfun$run$1(JobThread.scala:68)
	at scala.runtime.java8.JFunction0$mcV$sp.apply(JFunction0$mcV$sp.java:12)
	at scala.util.control.Exception$Catch.apply(Exception.scala:224)
	at org.nlogo.api.Exceptions$.handling(Exceptions.scala:41)
	at org.nlogo.job.JobThread.run(JobThread.scala:66)
Run #27, RUNTIME ERROR: The file /home/fzhang59/dev/Dissertation-ABM-paper/Agave_Experiment/Transit agencies ABM_noHeader.csv cannot be found
error while observer running FILE-AT-END?
  called by procedure IMPORT-ORGS
  called by procedure SETUP
  called by procedure __EVALUATOR
org.nlogo.nvm.RuntimePrimitiveException: The file /home/fzhang59/dev/Dissertation-ABM-paper/Agave_Experiment/Transit agencies ABM_noHeader.csv cannot be found
	at org.nlogo.prim.file._fileatend.report(primitives.scala:16)
	at org.nlogo.prim._asm_procedureimportorgs_while_27.perform()
	at org.nlogo.nvm.Context.stepConcurrent(Context.java:107)
	at org.nlogo.nvm.ConcurrentJob.step(ConcurrentJob.scala:65)
	at org.nlogo.job.JobThread.runPrimaryJobs(JobThread.scala:133)
	at org.nlogo.job.JobThread.$anonfun$run$1(JobThread.scala:68)
	at scala.runtime.java8.JFunction0$mcV$sp.apply(JFunction0$mcV$sp.java:12)
	at scala.util.control.Exception$Catch.apply(Exception.scala:224)
	at org.nlogo.api.Exceptions$.handling(Exceptions.scala:41)
	at org.nlogo.job.JobThread.run(JobThread.scala:66)
Run #2, RUNTIME ERROR: The file /home/fzhang59/dev/Dissertation-ABM-paper/Agave_Experiment/Transit agencies ABM_noHeader.csv cannot be found
error while observer running FILE-AT-END?
  called by procedure IMPORT-ORGS
  called by procedure SETUP
  called by procedure __EVALUATOR
org.nlogo.nvm.RuntimePrimitiveException: The file /home/fzhang59/dev/Dissertation-ABM-paper/Agave_Experiment/Transit agencies ABM_noHeader.csv cannot be found
	at org.nlogo.prim.file._fileatend.report(primitives.scala:16)
	at org.nlogo.prim._asm_procedureimportorgs_while_27.perform()
	at org.nlogo.nvm.Context.stepConcurrent(Context.java:107)
	at org.nlogo.nvm.ConcurrentJob.step(ConcurrentJob.scala:65)
	at org.nlogo.job.JobThread.runPrimaryJobs(JobThread.scala:133)
	at org.nlogo.job.JobThread.$anonfun$run$1(JobThread.scala:68)
	at scala.runtime.java8.JFunction0$mcV$sp.apply(JFunction0$mcV$sp.java:12)
	at scala.util.control.Exception$Catch.apply(Exception.scala:224)
	at org.nlogo.api.Exceptions$.handling(Exceptions.scala:41)
	at org.nlogo.job.JobThread.run(JobThread.scala:66)
Run #3, RUNTIME ERROR: The file /home/fzhang59/dev/Dissertation-ABM-paper/Agave_Experiment/Transit agencies ABM_noHeader.csv cannot be found
error while observer running FILE-AT-END?
  called by procedure IMPORT-ORGS
  called by procedure SETUP
  called by procedure __EVALUATOR
org.nlogo.nvm.RuntimePrimitiveException: The file /home/fzhang59/dev/Dissertation-ABM-paper/Agave_Experiment/Transit agencies ABM_noHeader.csv cannot be found
	at org.nlogo.prim.file._fileatend.report(primitives.scala:16)
	at org.nlogo.prim._asm_procedureimportorgs_while_27.perform()
	at org.nlogo.nvm.Context.stepConcurrent(Context.java:107)
	at org.nlogo.nvm.ConcurrentJob.step(ConcurrentJob.scala:65)
	at org.nlogo.job.JobThread.runPrimaryJobs(JobThread.scala:133)
	at org.nlogo.job.JobThread.$anonfun$run$1(JobThread.scala:68)
	at scala.runtime.java8.JFunction0$mcV$sp.apply(JFunction0$mcV$sp.java:12)
	at scala.util.control.Exception$Catch.apply(Exception.scala:224)
	at org.nlogo.api.Exceptions$.handling(Exceptions.scala:41)
	at org.nlogo.job.JobThread.run(JobThread.scala:66)
Run #25, RUNTIME ERROR: The file /home/fzhang59/dev/Dissertation-ABM-paper/Agave_Experiment/Transit agencies ABM_noHeader.csv cannot be found
error while observer running FILE-AT-END?
  called by procedure IMPORT-ORGS
  called by procedure SETUP
  called by procedure __EVALUATOR
org.nlogo.nvm.RuntimePrimitiveException: The file /home/fzhang59/dev/Dissertation-ABM-paper/Agave_Experiment/Transit agencies ABM_noHeader.csv cannot be found
	at org.nlogo.prim.file._fileatend.report(primitives.scala:16)
	at org.nlogo.prim._asm_procedureimportorgs_while_27.perform()
	at org.nlogo.nvm.Context.stepConcurrent(Context.java:107)
	at org.nlogo.nvm.ConcurrentJob.step(ConcurrentJob.scala:65)
	at org.nlogo.job.JobThread.runPrimaryJobs(JobThread.scala:133)
	at org.nlogo.job.JobThread.$anonfun$run$1(JobThread.scala:68)
	at scala.runtime.java8.JFunction0$mcV$sp.apply(JFunction0$mcV$sp.java:12)
	at scala.util.control.Exception$Catch.apply(Exception.scala:224)
	at org.nlogo.api.Exceptions$.handling(Exceptions.scala:41)
	at org.nlogo.job.JobThread.run(JobThread.scala:66)
Run #14, RUNTIME ERROR: The file /home/fzhang59/dev/Dissertation-ABM-paper/Agave_Experiment/Transit agencies ABM_noHeader.csv cannot be found
error while observer running FILE-AT-END?
  called by procedure IMPORT-ORGS
  called by procedure SETUP
  called by procedure __EVALUATOR
org.nlogo.nvm.RuntimePrimitiveException: The file /home/fzhang59/dev/Dissertation-ABM-paper/Agave_Experiment/Transit agencies ABM_noHeader.csv cannot be found
	at org.nlogo.prim.file._fileatend.report(primitives.scala:16)
	at org.nlogo.prim._asm_procedureimportorgs_while_27.perform()
	at org.nlogo.nvm.Context.stepConcurrent(Context.java:107)
	at org.nlogo.nvm.ConcurrentJob.step(ConcurrentJob.scala:65)
	at org.nlogo.job.JobThread.runPrimaryJobs(JobThread.scala:133)
	at org.nlogo.job.JobThread.$anonfun$run$1(JobThread.scala:68)
	at scala.runtime.java8.JFunction0$mcV$sp.apply(JFunction0$mcV$sp.java:12)
	at scala.util.control.Exception$Catch.apply(Exception.scala:224)
	at org.nlogo.api.Exceptions$.handling(Exceptions.scala:41)
	at org.nlogo.job.JobThread.run(JobThread.scala:66)
Run #22, RUNTIME ERROR: The file /home/fzhang59/dev/Dissertation-ABM-paper/Agave_Experiment/Transit agencies ABM_noHeader.csv cannot be found
error while observer running FILE-AT-END?
  called by procedure IMPORT-ORGS
  called by procedure SETUP
  called by procedure __EVALUATOR
org.nlogo.nvm.RuntimePrimitiveException: The file /home/fzhang59/dev/Dissertation-ABM-paper/Agave_Experiment/Transit agencies ABM_noHeader.csv cannot be found
	at org.nlogo.prim.file._fileatend.report(primitives.scala:16)
	at org.nlogo.prim._asm_procedureimportorgs_while_27.perform()
	at org.nlogo.nvm.Context.stepConcurrent(Context.java:107)
	at org.nlogo.nvm.ConcurrentJob.step(ConcurrentJob.scala:65)
	at org.nlogo.job.JobThread.runPrimaryJobs(JobThread.scala:133)
	at org.nlogo.job.JobThread.$anonfun$run$1(JobThread.scala:68)
	at scala.runtime.java8.JFunction0$mcV$sp.apply(JFunction0$mcV$sp.java:12)
	at scala.util.control.Exception$Catch.apply(Exception.scala:224)
	at org.nlogo.api.Exceptions$.handling(Exceptions.scala:41)
	at org.nlogo.job.JobThread.run(JobThread.scala:66)
Run #10, RUNTIME ERROR: The file /home/fzhang59/dev/Dissertation-ABM-paper/Agave_Experiment/Transit agencies ABM_noHeader.csv cannot be found
error while observer running FILE-AT-END?
  called by procedure IMPORT-ORGS
  called by procedure SETUP
  called by procedure __EVALUATOR
org.nlogo.nvm.RuntimePrimitiveException: The file /home/fzhang59/dev/Dissertation-ABM-paper/Agave_Experiment/Transit agencies ABM_noHeader.csv cannot be found
	at org.nlogo.prim.file._fileatend.report(primitives.scala:16)
	at org.nlogo.prim._asm_procedureimportorgs_while_27.perform()
	at org.nlogo.nvm.Context.stepConcurrent(Context.java:107)
	at org.nlogo.nvm.ConcurrentJob.step(ConcurrentJob.scala:65)
	at org.nlogo.job.JobThread.runPrimaryJobs(JobThread.scala:133)
	at org.nlogo.job.JobThread.$anonfun$run$1(JobThread.scala:68)
	at scala.runtime.java8.JFunction0$mcV$sp.apply(JFunction0$mcV$sp.java:12)
	at scala.util.control.Exception$Catch.apply(Exception.scala:224)
	at org.nlogo.api.Exceptions$.handling(Exceptions.scala:41)
	at org.nlogo.job.JobThread.run(JobThread.scala:66)
Run #1, RUNTIME ERROR: The file /home/fzhang59/dev/Dissertation-ABM-paper/Agave_Experiment/Transit agencies ABM_noHeader.csv cannot be found
error while observer running FILE-AT-END?
  called by procedure IMPORT-ORGS
  called by procedure SETUP
  called by procedure __EVALUATOR
org.nlogo.nvm.RuntimePrimitiveException: The file /home/fzhang59/dev/Dissertation-ABM-paper/Agave_Experiment/Transit agencies ABM_noHeader.csv cannot be found
	at org.nlogo.prim.file._fileatend.report(primitives.scala:16)
	at org.nlogo.prim._asm_procedureimportorgs_while_27.perform()
	at org.nlogo.nvm.Context.stepConcurrent(Context.java:107)
	at org.nlogo.nvm.ConcurrentJob.step(ConcurrentJob.scala:65)
	at org.nlogo.job.JobThread.runPrimaryJobs(JobThread.scala:133)
	at org.nlogo.job.JobThread.$anonfun$run$1(JobThread.scala:68)
	at scala.runtime.java8.JFunction0$mcV$sp.apply(JFunction0$mcV$sp.java:12)
	at scala.util.control.Exception$Catch.apply(Exception.scala:224)
	at org.nlogo.api.Exceptions$.handling(Exceptions.scala:41)
	at org.nlogo.job.JobThread.run(JobThread.scala:66)
Run #8, RUNTIME ERROR: The file /home/fzhang59/dev/Dissertation-ABM-paper/Agave_Experiment/Transit agencies ABM_noHeader.csv cannot be found
error while observer running FILE-AT-END?
  called by procedure IMPORT-ORGS
  called by procedure SETUP
  called by procedure __EVALUATOR
org.nlogo.nvm.RuntimePrimitiveException: The file /home/fzhang59/dev/Dissertation-ABM-paper/Agave_Experiment/Transit agencies ABM_noHeader.csv cannot be found
	at org.nlogo.prim.file._fileatend.report(primitives.scala:16)
	at org.nlogo.prim._asm_procedureimportorgs_while_27.perform()
	at org.nlogo.nvm.Context.stepConcurrent(Context.java:107)
	at org.nlogo.nvm.ConcurrentJob.step(ConcurrentJob.scala:65)
	at org.nlogo.job.JobThread.runPrimaryJobs(JobThread.scala:133)
	at org.nlogo.job.JobThread.$anonfun$run$1(JobThread.scala:68)
	at scala.runtime.java8.JFunction0$mcV$sp.apply(JFunction0$mcV$sp.java:12)
	at scala.util.control.Exception$Catch.apply(Exception.scala:224)
	at org.nlogo.api.Exceptions$.handling(Exceptions.scala:41)
	at org.nlogo.job.JobThread.run(JobThread.scala:66)
Run #13, RUNTIME ERROR: The file /home/fzhang59/dev/Dissertation-ABM-paper/Agave_Experiment/Transit agencies ABM_noHeader.csv cannot be found
error while observer running FILE-AT-END?
  called by procedure IMPORT-ORGS
  called by procedure SETUP
  called by procedure __EVALUATOR
org.nlogo.nvm.RuntimePrimitiveException: The file /home/fzhang59/dev/Dissertation-ABM-paper/Agave_Experiment/Transit agencies ABM_noHeader.csv cannot be found
	at org.nlogo.prim.file._fileatend.report(primitives.scala:16)
	at org.nlogo.prim._asm_procedureimportorgs_while_27.perform()
	at org.nlogo.nvm.Context.stepConcurrent(Context.java:107)
	at org.nlogo.nvm.ConcurrentJob.step(ConcurrentJob.scala:65)
	at org.nlogo.job.JobThread.runPrimaryJobs(JobThread.scala:133)
	at org.nlogo.job.JobThread.$anonfun$run$1(JobThread.scala:68)
	at scala.runtime.java8.JFunction0$mcV$sp.apply(JFunction0$mcV$sp.java:12)
	at scala.util.control.Exception$Catch.apply(Exception.scala:224)
	at org.nlogo.api.Exceptions$.handling(Exceptions.scala:41)
	at org.nlogo.job.JobThread.run(JobThread.scala:66)
Run #28, RUNTIME ERROR: The file /home/fzhang59/dev/Dissertation-ABM-paper/Agave_Experiment/Transit agencies ABM_noHeader.csv cannot be found
error while observer running FILE-AT-END?
  called by procedure IMPORT-ORGS
  called by procedure SETUP
  called by procedure __EVALUATOR
org.nlogo.nvm.RuntimePrimitiveException: The file /home/fzhang59/dev/Dissertation-ABM-paper/Agave_Experiment/Transit agencies ABM_noHeader.csv cannot be found
	at org.nlogo.prim.file._fileatend.report(primitives.scala:16)
	at org.nlogo.prim._asm_procedureimportorgs_while_27.perform()
	at org.nlogo.nvm.Context.stepConcurrent(Context.java:107)
	at org.nlogo.nvm.ConcurrentJob.step(ConcurrentJob.scala:65)
	at org.nlogo.job.JobThread.runPrimaryJobs(JobThread.scala:133)
	at org.nlogo.job.JobThread.$anonfun$run$1(JobThread.scala:68)
	at scala.runtime.java8.JFunction0$mcV$sp.apply(JFunction0$mcV$sp.java:12)
	at scala.util.control.Exception$Catch.apply(Exception.scala:224)
	at org.nlogo.api.Exceptions$.handling(Exceptions.scala:41)
	at org.nlogo.job.JobThread.run(JobThread.scala:66)
Run #23, RUNTIME ERROR: The file /home/fzhang59/dev/Dissertation-ABM-paper/Agave_Experiment/Transit agencies ABM_noHeader.csv cannot be found
error while observer running FILE-AT-END?
  called by procedure IMPORT-ORGS
  called by procedure SETUP
  called by procedure __EVALUATOR
org.nlogo.nvm.RuntimePrimitiveException: The file /home/fzhang59/dev/Dissertation-ABM-paper/Agave_Experiment/Transit agencies ABM_noHeader.csv cannot be found
	at org.nlogo.prim.file._fileatend.report(primitives.scala:16)
	at org.nlogo.prim._asm_procedureimportorgs_while_27.perform()
	at org.nlogo.nvm.Context.stepConcurrent(Context.java:107)
	at org.nlogo.nvm.ConcurrentJob.step(ConcurrentJob.scala:65)
	at org.nlogo.job.JobThread.runPrimaryJobs(JobThread.scala:133)
	at org.nlogo.job.JobThread.$anonfun$run$1(JobThread.scala:68)
	at scala.runtime.java8.JFunction0$mcV$sp.apply(JFunction0$mcV$sp.java:12)
	at scala.util.control.Exception$Catch.apply(Exception.scala:224)
	at org.nlogo.api.Exceptions$.handling(Exceptions.scala:41)
	at org.nlogo.job.JobThread.run(JobThread.scala:66)
Run #5, RUNTIME ERROR: The file /home/fzhang59/dev/Dissertation-ABM-paper/Agave_Experiment/Transit agencies ABM_noHeader.csv cannot be found
error while observer running FILE-AT-END?
  called by procedure IMPORT-ORGS
  called by procedure SETUP
  called by procedure __EVALUATOR
org.nlogo.nvm.RuntimePrimitiveException: The file /home/fzhang59/dev/Dissertation-ABM-paper/Agave_Experiment/Transit agencies ABM_noHeader.csv cannot be found
	at org.nlogo.prim.file._fileatend.report(primitives.scala:16)
	at org.nlogo.prim._asm_procedureimportorgs_while_27.perform()
	at org.nlogo.nvm.Context.stepConcurrent(Context.java:107)
	at org.nlogo.nvm.ConcurrentJob.step(ConcurrentJob.scala:65)
	at org.nlogo.job.JobThread.runPrimaryJobs(JobThread.scala:133)
	at org.nlogo.job.JobThread.$anonfun$run$1(JobThread.scala:68)
	at scala.runtime.java8.JFunction0$mcV$sp.apply(JFunction0$mcV$sp.java:12)
	at scala.util.control.Exception$Catch.apply(Exception.scala:224)
	at org.nlogo.api.Exceptions$.handling(Exceptions.scala:41)
	at org.nlogo.job.JobThread.run(JobThread.scala:66)
Run #26, RUNTIME ERROR: The file /home/fzhang59/dev/Dissertation-ABM-paper/Agave_Experiment/Transit agencies ABM_noHeader.csv cannot be found
error while observer running FILE-AT-END?
  called by procedure IMPORT-ORGS
  called by procedure SETUP
  called by procedure __EVALUATOR
org.nlogo.nvm.RuntimePrimitiveException: The file /home/fzhang59/dev/Dissertation-ABM-paper/Agave_Experiment/Transit agencies ABM_noHeader.csv cannot be found
	at org.nlogo.prim.file._fileatend.report(primitives.scala:16)
	at org.nlogo.prim._asm_procedureimportorgs_while_27.perform()
	at org.nlogo.nvm.Context.stepConcurrent(Context.java:107)
	at org.nlogo.nvm.ConcurrentJob.step(ConcurrentJob.scala:65)
	at org.nlogo.job.JobThread.runPrimaryJobs(JobThread.scala:133)
	at org.nlogo.job.JobThread.$anonfun$run$1(JobThread.scala:68)
	at scala.runtime.java8.JFunction0$mcV$sp.apply(JFunction0$mcV$sp.java:12)
	at scala.util.control.Exception$Catch.apply(Exception.scala:224)
	at org.nlogo.api.Exceptions$.handling(Exceptions.scala:41)
	at org.nlogo.job.JobThread.run(JobThread.scala:66)
Run #4, RUNTIME ERROR: The file /home/fzhang59/dev/Dissertation-ABM-paper/Agave_Experiment/Transit agencies ABM_noHeader.csv cannot be found
error while observer running FILE-AT-END?
  called by procedure IMPORT-ORGS
  called by procedure SETUP
  called by procedure __EVALUATOR
org.nlogo.nvm.RuntimePrimitiveException: The file /home/fzhang59/dev/Dissertation-ABM-paper/Agave_Experiment/Transit agencies ABM_noHeader.csv cannot be found
	at org.nlogo.prim.file._fileatend.report(primitives.scala:16)
	at org.nlogo.prim._asm_procedureimportorgs_while_27.perform()
	at org.nlogo.nvm.Context.stepConcurrent(Context.java:107)
	at org.nlogo.nvm.ConcurrentJob.step(ConcurrentJob.scala:65)
	at org.nlogo.job.JobThread.runPrimaryJobs(JobThread.scala:133)
	at org.nlogo.job.JobThread.$anonfun$run$1(JobThread.scala:68)
	at scala.runtime.java8.JFunction0$mcV$sp.apply(JFunction0$mcV$sp.java:12)
	at scala.util.control.Exception$Catch.apply(Exception.scala:224)
	at org.nlogo.api.Exceptions$.handling(Exceptions.scala:41)
	at org.nlogo.job.JobThread.run(JobThread.scala:66)
Run #12, RUNTIME ERROR: The file /home/fzhang59/dev/Dissertation-ABM-paper/Agave_Experiment/Transit agencies ABM_noHeader.csv cannot be found
error while observer running FILE-AT-END?
  called by procedure IMPORT-ORGS
  called by procedure SETUP
  called by procedure __EVALUATOR
org.nlogo.nvm.RuntimePrimitiveException: The file /home/fzhang59/dev/Dissertation-ABM-paper/Agave_Experiment/Transit agencies ABM_noHeader.csv cannot be found
	at org.nlogo.prim.file._fileatend.report(primitives.scala:16)
	at org.nlogo.prim._asm_procedureimportorgs_while_27.perform()
	at org.nlogo.nvm.Context.stepConcurrent(Context.java:107)
	at org.nlogo.nvm.ConcurrentJob.step(ConcurrentJob.scala:65)
	at org.nlogo.job.JobThread.runPrimaryJobs(JobThread.scala:133)
	at org.nlogo.job.JobThread.$anonfun$run$1(JobThread.scala:68)
	at scala.runtime.java8.JFunction0$mcV$sp.apply(JFunction0$mcV$sp.java:12)
	at scala.util.control.Exception$Catch.apply(Exception.scala:224)
	at org.nlogo.api.Exceptions$.handling(Exceptions.scala:41)
	at org.nlogo.job.JobThread.run(JobThread.scala:66)
Run #7, RUNTIME ERROR: The file /home/fzhang59/dev/Dissertation-ABM-paper/Agave_Experiment/Transit agencies ABM_noHeader.csv cannot be found
error while observer running FILE-AT-END?
  called by procedure IMPORT-ORGS
  called by procedure SETUP
  called by procedure __EVALUATOR
org.nlogo.nvm.RuntimePrimitiveException: The file /home/fzhang59/dev/Dissertation-ABM-paper/Agave_Experiment/Transit agencies ABM_noHeader.csv cannot be found
	at org.nlogo.prim.file._fileatend.report(primitives.scala:16)
	at org.nlogo.prim._asm_procedureimportorgs_while_27.perform()
	at org.nlogo.nvm.Context.stepConcurrent(Context.java:107)
	at org.nlogo.nvm.ConcurrentJob.step(ConcurrentJob.scala:65)
	at org.nlogo.job.JobThread.runPrimaryJobs(JobThread.scala:133)
	at org.nlogo.job.JobThread.$anonfun$run$1(JobThread.scala:68)
	at scala.runtime.java8.JFunction0$mcV$sp.apply(JFunction0$mcV$sp.java:12)
	at scala.util.control.Exception$Catch.apply(Exception.scala:224)
	at org.nlogo.api.Exceptions$.handling(Exceptions.scala:41)
	at org.nlogo.job.JobThread.run(JobThread.scala:66)
Run #16, RUNTIME ERROR: The file /home/fzhang59/dev/Dissertation-ABM-paper/Agave_Experiment/Transit agencies ABM_noHeader.csv cannot be found
error while observer running FILE-AT-END?
  called by procedure IMPORT-ORGS
  called by procedure SETUP
  called by procedure __EVALUATOR
org.nlogo.nvm.RuntimePrimitiveException: The file /home/fzhang59/dev/Dissertation-ABM-paper/Agave_Experiment/Transit agencies ABM_noHeader.csv cannot be found
	at org.nlogo.prim.file._fileatend.report(primitives.scala:16)
	at org.nlogo.prim._asm_procedureimportorgs_while_27.perform()
	at org.nlogo.nvm.Context.stepConcurrent(Context.java:107)
	at org.nlogo.nvm.ConcurrentJob.step(ConcurrentJob.scala:65)
	at org.nlogo.job.JobThread.runPrimaryJobs(JobThread.scala:133)
	at org.nlogo.job.JobThread.$anonfun$run$1(JobThread.scala:68)
	at scala.runtime.java8.JFunction0$mcV$sp.apply(JFunction0$mcV$sp.java:12)
	at scala.util.control.Exception$Catch.apply(Exception.scala:224)
	at org.nlogo.api.Exceptions$.handling(Exceptions.scala:41)
	at org.nlogo.job.JobThread.run(JobThread.scala:66)
Run #15, RUNTIME ERROR: The file /home/fzhang59/dev/Dissertation-ABM-paper/Agave_Experiment/Transit agencies ABM_noHeader.csv cannot be found
error while observer running FILE-AT-END?
  called by procedure IMPORT-ORGS
  called by procedure SETUP
  called by procedure __EVALUATOR
org.nlogo.nvm.RuntimePrimitiveException: The file /home/fzhang59/dev/Dissertation-ABM-paper/Agave_Experiment/Transit agencies ABM_noHeader.csv cannot be found
	at org.nlogo.prim.file._fileatend.report(primitives.scala:16)
	at org.nlogo.prim._asm_procedureimportorgs_while_27.perform()
	at org.nlogo.nvm.Context.stepConcurrent(Context.java:107)
	at org.nlogo.nvm.ConcurrentJob.step(ConcurrentJob.scala:65)
	at org.nlogo.job.JobThread.runPrimaryJobs(JobThread.scala:133)
	at org.nlogo.job.JobThread.$anonfun$run$1(JobThread.scala:68)
	at scala.runtime.java8.JFunction0$mcV$sp.apply(JFunction0$mcV$sp.java:12)
	at scala.util.control.Exception$Catch.apply(Exception.scala:224)
	at org.nlogo.api.Exceptions$.handling(Exceptions.scala:41)
	at org.nlogo.job.JobThread.run(JobThread.scala:66)
Run #24, RUNTIME ERROR: The file /home/fzhang59/dev/Dissertation-ABM-paper/Agave_Experiment/Transit agencies ABM_noHeader.csv cannot be found
error while observer running FILE-AT-END?
  called by procedure IMPORT-ORGS
  called by procedure SETUP
  called by procedure __EVALUATOR
org.nlogo.nvm.RuntimePrimitiveException: The file /home/fzhang59/dev/Dissertation-ABM-paper/Agave_Experiment/Transit agencies ABM_noHeader.csv cannot be found
	at org.nlogo.prim.file._fileatend.report(primitives.scala:16)
	at org.nlogo.prim._asm_procedureimportorgs_while_27.perform()
	at org.nlogo.nvm.Context.stepConcurrent(Context.java:107)
	at org.nlogo.nvm.ConcurrentJob.step(ConcurrentJob.scala:65)
	at org.nlogo.job.JobThread.runPrimaryJobs(JobThread.scala:133)
	at org.nlogo.job.JobThread.$anonfun$run$1(JobThread.scala:68)
	at scala.runtime.java8.JFunction0$mcV$sp.apply(JFunction0$mcV$sp.java:12)
	at scala.util.control.Exception$Catch.apply(Exception.scala:224)
	at org.nlogo.api.Exceptions$.handling(Exceptions.scala:41)
	at org.nlogo.job.JobThread.run(JobThread.scala:66)
Run #9, RUNTIME ERROR: The file /home/fzhang59/dev/Dissertation-ABM-paper/Agave_Experiment/Transit agencies ABM_noHeader.csv cannot be found
error while observer running FILE-AT-END?
  called by procedure IMPORT-ORGS
  called by procedure SETUP
  called by procedure __EVALUATOR
org.nlogo.nvm.RuntimePrimitiveException: The file /home/fzhang59/dev/Dissertation-ABM-paper/Agave_Experiment/Transit agencies ABM_noHeader.csv cannot be found
	at org.nlogo.prim.file._fileatend.report(primitives.scala:16)
	at org.nlogo.prim._asm_procedureimportorgs_while_27.perform()
	at org.nlogo.nvm.Context.stepConcurrent(Context.java:107)
	at org.nlogo.nvm.ConcurrentJob.step(ConcurrentJob.scala:65)
	at org.nlogo.job.JobThread.runPrimaryJobs(JobThread.scala:133)
	at org.nlogo.job.JobThread.$anonfun$run$1(JobThread.scala:68)
	at scala.runtime.java8.JFunction0$mcV$sp.apply(JFunction0$mcV$sp.java:12)
	at scala.util.control.Exception$Catch.apply(Exception.scala:224)
	at org.nlogo.api.Exceptions$.handling(Exceptions.scala:41)
	at org.nlogo.job.JobThread.run(JobThread.scala:66)
Run #6, RUNTIME ERROR: The file /home/fzhang59/dev/Dissertation-ABM-paper/Agave_Experiment/Transit agencies ABM_noHeader.csv cannot be found
error while observer running FILE-AT-END?
  called by procedure IMPORT-ORGS
  called by procedure SETUP
  called by procedure __EVALUATOR
org.nlogo.nvm.RuntimePrimitiveException: The file /home/fzhang59/dev/Dissertation-ABM-paper/Agave_Experiment/Transit agencies ABM_noHeader.csv cannot be found
	at org.nlogo.prim.file._fileatend.report(primitives.scala:16)
	at org.nlogo.prim._asm_procedureimportorgs_while_27.perform()
	at org.nlogo.nvm.Context.stepConcurrent(Context.java:107)
	at org.nlogo.nvm.ConcurrentJob.step(ConcurrentJob.scala:65)
	at org.nlogo.job.JobThread.runPrimaryJobs(JobThread.scala:133)
	at org.nlogo.job.JobThread.$anonfun$run$1(JobThread.scala:68)
	at scala.runtime.java8.JFunction0$mcV$sp.apply(JFunction0$mcV$sp.java:12)
	at scala.util.control.Exception$Catch.apply(Exception.scala:224)
	at org.nlogo.api.Exceptions$.handling(Exceptions.scala:41)
	at org.nlogo.job.JobThread.run(JobThread.scala:66)
Run #11, RUNTIME ERROR: The file /home/fzhang59/dev/Dissertation-ABM-paper/Agave_Experiment/Transit agencies ABM_noHeader.csv cannot be found
error while observer running FILE-AT-END?
  called by procedure IMPORT-ORGS
  called by procedure SETUP
  called by procedure __EVALUATOR
org.nlogo.nvm.RuntimePrimitiveException: The file /home/fzhang59/dev/Dissertation-ABM-paper/Agave_Experiment/Transit agencies ABM_noHeader.csv cannot be found
	at org.nlogo.prim.file._fileatend.report(primitives.scala:16)
	at org.nlogo.prim._asm_procedureimportorgs_while_27.perform()
	at org.nlogo.nvm.Context.stepConcurrent(Context.java:107)
	at org.nlogo.nvm.ConcurrentJob.step(ConcurrentJob.scala:65)
	at org.nlogo.job.JobThread.runPrimaryJobs(JobThread.scala:133)
	at org.nlogo.job.JobThread.$anonfun$run$1(JobThread.scala:68)
	at scala.runtime.java8.JFunction0$mcV$sp.apply(JFunction0$mcV$sp.java:12)
	at scala.util.control.Exception$Catch.apply(Exception.scala:224)
	at org.nlogo.api.Exceptions$.handling(Exceptions.scala:41)
	at org.nlogo.job.JobThread.run(JobThread.scala:66)
Run #24, RUNTIME ERROR: The tick counter has not been started yet. Use RESET-TICKS.
error while observer running TICKS
  called by procedure __EVALUATOR
org.nlogo.nvm.RuntimePrimitiveException: The tick counter has not been started yet. Use RESET-TICKS.
	at org.nlogo.prim._asm_procedure__evaluator_report_0.perform(:3)
	at org.nlogo.nvm.Context.stepConcurrent(Context.java:107)
	at org.nlogo.nvm.ConcurrentJob.step(ConcurrentJob.scala:65)
	at org.nlogo.job.JobThread.runPrimaryJobs(JobThread.scala:133)
	at org.nlogo.job.JobThread.$anonfun$run$1(JobThread.scala:68)
	at scala.runtime.java8.JFunction0$mcV$sp.apply(JFunction0$mcV$sp.java:12)
	at scala.util.control.Exception$Catch.apply(Exception.scala:224)
	at org.nlogo.api.Exceptions$.handling(Exceptions.scala:41)
	at org.nlogo.job.JobThread.run(JobThread.scala:66)
Run #9, RUNTIME ERROR: The tick counter has not been started yet. Use RESET-TICKS.
error while observer running TICKS
  called by procedure __EVALUATOR
org.nlogo.nvm.RuntimePrimitiveException: The tick counter has not been started yet. Use RESET-TICKS.
	at org.nlogo.prim._asm_procedure__evaluator_report_0.perform(:3)
	at org.nlogo.nvm.Context.stepConcurrent(Context.java:107)
	at org.nlogo.nvm.ConcurrentJob.step(ConcurrentJob.scala:65)
	at org.nlogo.job.JobThread.runPrimaryJobs(JobThread.scala:133)
	at org.nlogo.job.JobThread.$anonfun$run$1(JobThread.scala:68)
	at scala.runtime.java8.JFunction0$mcV$sp.apply(JFunction0$mcV$sp.java:12)
	at scala.util.control.Exception$Catch.apply(Exception.scala:224)
	at org.nlogo.api.Exceptions$.handling(Exceptions.scala:41)
	at org.nlogo.job.JobThread.run(JobThread.scala:66)
Run #1, RUNTIME ERROR: The tick counter has not been started yet. Use RESET-TICKS.
error while observer running TICKS
  called by procedure __EVALUATOR
org.nlogo.nvm.RuntimePrimitiveException: The tick counter has not been started yet. Use RESET-TICKS.
	at org.nlogo.prim._asm_procedure__evaluator_report_0.perform(:3)
	at org.nlogo.nvm.Context.stepConcurrent(Context.java:107)
	at org.nlogo.nvm.ConcurrentJob.step(ConcurrentJob.scala:65)
	at org.nlogo.job.JobThread.runPrimaryJobs(JobThread.scala:133)
	at org.nlogo.job.JobThread.$anonfun$run$1(JobThread.scala:68)
	at scala.runtime.java8.JFunction0$mcV$sp.apply(JFunction0$mcV$sp.java:12)
	at scala.util.control.Exception$Catch.apply(Exception.scala:224)
	at org.nlogo.api.Exceptions$.handling(Exceptions.scala:41)
	at org.nlogo.job.JobThread.run(JobThread.scala:66)
Run #7, RUNTIME ERROR: The tick counter has not been started yet. Use RESET-TICKS.
error while observer running TICKS
  called by procedure __EVALUATOR
org.nlogo.nvm.RuntimePrimitiveException: The tick counter has not been started yet. Use RESET-TICKS.
	at org.nlogo.prim._asm_procedure__evaluator_report_0.perform(:3)
	at org.nlogo.nvm.Context.stepConcurrent(Context.java:107)
	at org.nlogo.nvm.ConcurrentJob.step(ConcurrentJob.scala:65)
	at org.nlogo.job.JobThread.runPrimaryJobs(JobThread.scala:133)
	at org.nlogo.job.JobThread.$anonfun$run$1(JobThread.scala:68)
	at scala.runtime.java8.JFunction0$mcV$sp.apply(JFunction0$mcV$sp.java:12)
	at scala.util.control.Exception$Catch.apply(Exception.scala:224)
	at org.nlogo.api.Exceptions$.handling(Exceptions.scala:41)
	at org.nlogo.job.JobThread.run(JobThread.scala:66)
Run #2, RUNTIME ERROR: The tick counter has not been started yet. Use RESET-TICKS.
error while observer running TICKS
  called by procedure __EVALUATOR
org.nlogo.nvm.RuntimePrimitiveException: The tick counter has not been started yet. Use RESET-TICKS.
	at org.nlogo.prim._asm_procedure__evaluator_report_0.perform(:3)
	at org.nlogo.nvm.Context.stepConcurrent(Context.java:107)
	at org.nlogo.nvm.ConcurrentJob.step(ConcurrentJob.scala:65)
	at org.nlogo.job.JobThread.runPrimaryJobs(JobThread.scala:133)
	at org.nlogo.job.JobThread.$anonfun$run$1(JobThread.scala:68)
	at scala.runtime.java8.JFunction0$mcV$sp.apply(JFunction0$mcV$sp.java:12)
	at scala.util.control.Exception$Catch.apply(Exception.scala:224)
	at org.nlogo.api.Exceptions$.handling(Exceptions.scala:41)
	at org.nlogo.job.JobThread.run(JobThread.scala:66)
Run #12, RUNTIME ERROR: The tick counter has not been started yet. Use RESET-TICKS.
error while observer running TICKS
  called by procedure __EVALUATOR
org.nlogo.nvm.RuntimePrimitiveException: The tick counter has not been started yet. Use RESET-TICKS.
	at org.nlogo.prim._asm_procedure__evaluator_report_0.perform(:3)
	at org.nlogo.nvm.Context.stepConcurrent(Context.java:107)
	at org.nlogo.nvm.ConcurrentJob.step(ConcurrentJob.scala:65)
	at org.nlogo.job.JobThread.runPrimaryJobs(JobThread.scala:133)
	at org.nlogo.job.JobThread.$anonfun$run$1(JobThread.scala:68)
	at scala.runtime.java8.JFunction0$mcV$sp.apply(JFunction0$mcV$sp.java:12)
	at scala.util.control.Exception$Catch.apply(Exception.scala:224)
	at org.nlogo.api.Exceptions$.handling(Exceptions.scala:41)
	at org.nlogo.job.JobThread.run(JobThread.scala:66)
Run #26, RUNTIME ERROR: The tick counter has not been started yet. Use RESET-TICKS.
error while observer running TICKS
  called by procedure __EVALUATOR
org.nlogo.nvm.RuntimePrimitiveException: The tick counter has not been started yet. Use RESET-TICKS.
	at org.nlogo.prim._asm_procedure__evaluator_report_0.perform(:3)
	at org.nlogo.nvm.Context.stepConcurrent(Context.java:107)
	at org.nlogo.nvm.ConcurrentJob.step(ConcurrentJob.scala:65)
	at org.nlogo.job.JobThread.runPrimaryJobs(JobThread.scala:133)
	at org.nlogo.job.JobThread.$anonfun$run$1(JobThread.scala:68)
	at scala.runtime.java8.JFunction0$mcV$sp.apply(JFunction0$mcV$sp.java:12)
	at scala.util.control.Exception$Catch.apply(Exception.scala:224)
	at org.nlogo.api.Exceptions$.handling(Exceptions.scala:41)
	at org.nlogo.job.JobThread.run(JobThread.scala:66)
Run #15, RUNTIME ERROR: The tick counter has not been started yet. Use RESET-TICKS.
error while observer running TICKS
  called by procedure __EVALUATOR
org.nlogo.nvm.RuntimePrimitiveException: The tick counter has not been started yet. Use RESET-TICKS.
	at org.nlogo.prim._asm_procedure__evaluator_report_0.perform(:3)
	at org.nlogo.nvm.Context.stepConcurrent(Context.java:107)
	at org.nlogo.nvm.ConcurrentJob.step(ConcurrentJob.scala:65)
	at org.nlogo.job.JobThread.runPrimaryJobs(JobThread.scala:133)
	at org.nlogo.job.JobThread.$anonfun$run$1(JobThread.scala:68)
	at scala.runtime.java8.JFunction0$mcV$sp.apply(JFunction0$mcV$sp.java:12)
	at scala.util.control.Exception$Catch.apply(Exception.scala:224)
	at org.nlogo.api.Exceptions$.handling(Exceptions.scala:41)
	at org.nlogo.job.JobThread.run(JobThread.scala:66)
Run #19, RUNTIME ERROR: The tick counter has not been started yet. Use RESET-TICKS.
error while observer running TICKS
  called by procedure __EVALUATOR
org.nlogo.nvm.RuntimePrimitiveException: The tick counter has not been started yet. Use RESET-TICKS.
	at org.nlogo.prim._asm_procedure__evaluator_report_0.perform(:3)
	at org.nlogo.nvm.Context.stepConcurrent(Context.java:107)
	at org.nlogo.nvm.ConcurrentJob.step(ConcurrentJob.scala:65)
	at org.nlogo.job.JobThread.runPrimaryJobs(JobThread.scala:133)
	at org.nlogo.job.JobThread.$anonfun$run$1(JobThread.scala:68)
	at scala.runtime.java8.JFunction0$mcV$sp.apply(JFunction0$mcV$sp.java:12)
	at scala.util.control.Exception$Catch.apply(Exception.scala:224)
	at org.nlogo.api.Exceptions$.handling(Exceptions.scala:41)
	at org.nlogo.job.JobThread.run(JobThread.scala:66)
Run #16, RUNTIME ERROR: The tick counter has not been started yet. Use RESET-TICKS.
error while observer running TICKS
  called by procedure __EVALUATOR
org.nlogo.nvm.RuntimePrimitiveException: The tick counter has not been started yet. Use RESET-TICKS.
	at org.nlogo.prim._asm_procedure__evaluator_report_0.perform(:3)
	at org.nlogo.nvm.Context.stepConcurrent(Context.java:107)
	at org.nlogo.nvm.ConcurrentJob.step(ConcurrentJob.scala:65)
	at org.nlogo.job.JobThread.runPrimaryJobs(JobThread.scala:133)
	at org.nlogo.job.JobThread.$anonfun$run$1(JobThread.scala:68)
	at scala.runtime.java8.JFunction0$mcV$sp.apply(JFunction0$mcV$sp.java:12)
	at scala.util.control.Exception$Catch.apply(Exception.scala:224)
	at org.nlogo.api.Exceptions$.handling(Exceptions.scala:41)
	at org.nlogo.job.JobThread.run(JobThread.scala:66)
Run #6, RUNTIME ERROR: The tick counter has not been started yet. Use RESET-TICKS.
error while observer running TICKS
  called by procedure __EVALUATOR
org.nlogo.nvm.RuntimePrimitiveException: The tick counter has not been started yet. Use RESET-TICKS.
	at org.nlogo.prim._asm_procedure__evaluator_report_0.perform(:3)
	at org.nlogo.nvm.Context.stepConcurrent(Context.java:107)
	at org.nlogo.nvm.ConcurrentJob.step(ConcurrentJob.scala:65)
	at org.nlogo.job.JobThread.runPrimaryJobs(JobThread.scala:133)
	at org.nlogo.job.JobThread.$anonfun$run$1(JobThread.scala:68)
	at scala.runtime.java8.JFunction0$mcV$sp.apply(JFunction0$mcV$sp.java:12)
	at scala.util.control.Exception$Catch.apply(Exception.scala:224)
	at org.nlogo.api.Exceptions$.handling(Exceptions.scala:41)
	at org.nlogo.job.JobThread.run(JobThread.scala:66)
Run #14, RUNTIME ERROR: The tick counter has not been started yet. Use RESET-TICKS.
error while observer running TICKS
  called by procedure __EVALUATOR
org.nlogo.nvm.RuntimePrimitiveException: The tick counter has not been started yet. Use RESET-TICKS.
	at org.nlogo.prim._asm_procedure__evaluator_report_0.perform(:3)
	at org.nlogo.nvm.Context.stepConcurrent(Context.java:107)
	at org.nlogo.nvm.ConcurrentJob.step(ConcurrentJob.scala:65)
	at org.nlogo.job.JobThread.runPrimaryJobs(JobThread.scala:133)
	at org.nlogo.job.JobThread.$anonfun$run$1(JobThread.scala:68)
	at scala.runtime.java8.JFunction0$mcV$sp.apply(JFunction0$mcV$sp.java:12)
	at scala.util.control.Exception$Catch.apply(Exception.scala:224)
	at org.nlogo.api.Exceptions$.handling(Exceptions.scala:41)
	at org.nlogo.job.JobThread.run(JobThread.scala:66)
Run #18, RUNTIME ERROR: The tick counter has not been started yet. Use RESET-TICKS.
error while observer running TICKS
  called by procedure __EVALUATOR
org.nlogo.nvm.RuntimePrimitiveException: The tick counter has not been started yet. Use RESET-TICKS.
	at org.nlogo.prim._asm_procedure__evaluator_report_0.perform(:3)
	at org.nlogo.nvm.Context.stepConcurrent(Context.java:107)
	at org.nlogo.nvm.ConcurrentJob.step(ConcurrentJob.scala:65)
	at org.nlogo.job.JobThread.runPrimaryJobs(JobThread.scala:133)
	at org.nlogo.job.JobThread.$anonfun$run$1(JobThread.scala:68)
	at scala.runtime.java8.JFunction0$mcV$sp.apply(JFunction0$mcV$sp.java:12)
	at scala.util.control.Exception$Catch.apply(Exception.scala:224)
	at org.nlogo.api.Exceptions$.handling(Exceptions.scala:41)
	at org.nlogo.job.JobThread.run(JobThread.scala:66)
Run #21, RUNTIME ERROR: The tick counter has not been started yet. Use RESET-TICKS.
error while observer running TICKS
  called by procedure __EVALUATOR
org.nlogo.nvm.RuntimePrimitiveException: The tick counter has not been started yet. Use RESET-TICKS.
	at org.nlogo.prim._asm_procedure__evaluator_report_0.perform(:3)
	at org.nlogo.nvm.Context.stepConcurrent(Context.java:107)
	at org.nlogo.nvm.ConcurrentJob.step(ConcurrentJob.scala:65)
	at org.nlogo.job.JobThread.runPrimaryJobs(JobThread.scala:133)
	at org.nlogo.job.JobThread.$anonfun$run$1(JobThread.scala:68)
	at scala.runtime.java8.JFunction0$mcV$sp.apply(JFunction0$mcV$sp.java:12)
	at scala.util.control.Exception$Catch.apply(Exception.scala:224)
	at org.nlogo.api.Exceptions$.handling(Exceptions.scala:41)
	at org.nlogo.job.JobThread.run(JobThread.scala:66)
Run #8, RUNTIME ERROR: The tick counter has not been started yet. Use RESET-TICKS.
error while observer running TICKS
  called by procedure __EVALUATOR
org.nlogo.nvm.RuntimePrimitiveException: The tick counter has not been started yet. Use RESET-TICKS.
	at org.nlogo.prim._asm_procedure__evaluator_report_0.perform(:3)
	at org.nlogo.nvm.Context.stepConcurrent(Context.java:107)
	at org.nlogo.nvm.ConcurrentJob.step(ConcurrentJob.scala:65)
	at org.nlogo.job.JobThread.runPrimaryJobs(JobThread.scala:133)
	at org.nlogo.job.JobThread.$anonfun$run$1(JobThread.scala:68)
	at scala.runtime.java8.JFunction0$mcV$sp.apply(JFunction0$mcV$sp.java:12)
	at scala.util.control.Exception$Catch.apply(Exception.scala:224)
	at org.nlogo.api.Exceptions$.handling(Exceptions.scala:41)
	at org.nlogo.job.JobThread.run(JobThread.scala:66)
Run #28, RUNTIME ERROR: The tick counter has not been started yet. Use RESET-TICKS.
error while observer running TICKS
  called by procedure __EVALUATOR
org.nlogo.nvm.RuntimePrimitiveException: The tick counter has not been started yet. Use RESET-TICKS.
	at org.nlogo.prim._asm_procedure__evaluator_report_0.perform(:3)
	at org.nlogo.nvm.Context.stepConcurrent(Context.java:107)
	at org.nlogo.nvm.ConcurrentJob.step(ConcurrentJob.scala:65)
	at org.nlogo.job.JobThread.runPrimaryJobs(JobThread.scala:133)
	at org.nlogo.job.JobThread.$anonfun$run$1(JobThread.scala:68)
	at scala.runtime.java8.JFunction0$mcV$sp.apply(JFunction0$mcV$sp.java:12)
	at scala.util.control.Exception$Catch.apply(Exception.scala:224)
	at org.nlogo.api.Exceptions$.handling(Exceptions.scala:41)
	at org.nlogo.job.JobThread.run(JobThread.scala:66)
Run #25, RUNTIME ERROR: The tick counter has not been started yet. Use RESET-TICKS.
error while observer running TICKS
  called by procedure __EVALUATOR
org.nlogo.nvm.RuntimePrimitiveException: The tick counter has not been started yet. Use RESET-TICKS.
	at org.nlogo.prim._asm_procedure__evaluator_report_0.perform(:3)
	at org.nlogo.nvm.Context.stepConcurrent(Context.java:107)
	at org.nlogo.nvm.ConcurrentJob.step(ConcurrentJob.scala:65)
	at org.nlogo.job.JobThread.runPrimaryJobs(JobThread.scala:133)
	at org.nlogo.job.JobThread.$anonfun$run$1(JobThread.scala:68)
	at scala.runtime.java8.JFunction0$mcV$sp.apply(JFunction0$mcV$sp.java:12)
	at scala.util.control.Exception$Catch.apply(Exception.scala:224)
	at org.nlogo.api.Exceptions$.handling(Exceptions.scala:41)
	at org.nlogo.job.JobThread.run(JobThread.scala:66)
Run #5, RUNTIME ERROR: The tick counter has not been started yet. Use RESET-TICKS.
error while observer running TICKS
  called by procedure __EVALUATOR
org.nlogo.nvm.RuntimePrimitiveException: The tick counter has not been started yet. Use RESET-TICKS.
	at org.nlogo.prim._asm_procedure__evaluator_report_0.perform(:3)
	at org.nlogo.nvm.Context.stepConcurrent(Context.java:107)
	at org.nlogo.nvm.ConcurrentJob.step(ConcurrentJob.scala:65)
	at org.nlogo.job.JobThread.runPrimaryJobs(JobThread.scala:133)
	at org.nlogo.job.JobThread.$anonfun$run$1(JobThread.scala:68)
	at scala.runtime.java8.JFunction0$mcV$sp.apply(JFunction0$mcV$sp.java:12)
	at scala.util.control.Exception$Catch.apply(Exception.scala:224)
	at org.nlogo.api.Exceptions$.handling(Exceptions.scala:41)
	at org.nlogo.job.JobThread.run(JobThread.scala:66)
Run #23, RUNTIME ERROR: The tick counter has not been started yet. Use RESET-TICKS.
error while observer running TICKS
  called by procedure __EVALUATOR
org.nlogo.nvm.RuntimePrimitiveException: The tick counter has not been started yet. Use RESET-TICKS.
	at org.nlogo.prim._asm_procedure__evaluator_report_0.perform(:3)
	at org.nlogo.nvm.Context.stepConcurrent(Context.java:107)
	at org.nlogo.nvm.ConcurrentJob.step(ConcurrentJob.scala:65)
	at org.nlogo.job.JobThread.runPrimaryJobs(JobThread.scala:133)
	at org.nlogo.job.JobThread.$anonfun$run$1(JobThread.scala:68)
	at scala.runtime.java8.JFunction0$mcV$sp.apply(JFunction0$mcV$sp.java:12)
	at scala.util.control.Exception$Catch.apply(Exception.scala:224)
	at org.nlogo.api.Exceptions$.handling(Exceptions.scala:41)
	at org.nlogo.job.JobThread.run(JobThread.scala:66)
Run #27, RUNTIME ERROR: The tick counter has not been started yet. Use RESET-TICKS.
error while observer running TICKS
  called by procedure __EVALUATOR
org.nlogo.nvm.RuntimePrimitiveException: The tick counter has not been started yet. Use RESET-TICKS.
	at org.nlogo.prim._asm_procedure__evaluator_report_0.perform(:3)
	at org.nlogo.nvm.Context.stepConcurrent(Context.java:107)
	at org.nlogo.nvm.ConcurrentJob.step(ConcurrentJob.scala:65)
	at org.nlogo.job.JobThread.runPrimaryJobs(JobThread.scala:133)
	at org.nlogo.job.JobThread.$anonfun$run$1(JobThread.scala:68)
	at scala.runtime.java8.JFunction0$mcV$sp.apply(JFunction0$mcV$sp.java:12)
	at scala.util.control.Exception$Catch.apply(Exception.scala:224)
	at org.nlogo.api.Exceptions$.handling(Exceptions.scala:41)
	at org.nlogo.job.JobThread.run(JobThread.scala:66)
Run #13, RUNTIME ERROR: The tick counter has not been started yet. Use RESET-TICKS.
error while observer running TICKS
  called by procedure __EVALUATOR
org.nlogo.nvm.RuntimePrimitiveException: The tick counter has not been started yet. Use RESET-TICKS.
	at org.nlogo.prim._asm_procedure__evaluator_report_0.perform(:3)
	at org.nlogo.nvm.Context.stepConcurrent(Context.java:107)
	at org.nlogo.nvm.ConcurrentJob.step(ConcurrentJob.scala:65)
	at org.nlogo.job.JobThread.runPrimaryJobs(JobThread.scala:133)
	at org.nlogo.job.JobThread.$anonfun$run$1(JobThread.scala:68)
	at scala.runtime.java8.JFunction0$mcV$sp.apply(JFunction0$mcV$sp.java:12)
	at scala.util.control.Exception$Catch.apply(Exception.scala:224)
	at org.nlogo.api.Exceptions$.handling(Exceptions.scala:41)
	at org.nlogo.job.JobThread.run(JobThread.scala:66)
Run #4, RUNTIME ERROR: The tick counter has not been started yet. Use RESET-TICKS.
error while observer running TICKS
  called by procedure __EVALUATOR
org.nlogo.nvm.RuntimePrimitiveException: The tick counter has not been started yet. Use RESET-TICKS.
	at org.nlogo.prim._asm_procedure__evaluator_report_0.perform(:3)
	at org.nlogo.nvm.Context.stepConcurrent(Context.java:107)
	at org.nlogo.nvm.ConcurrentJob.step(ConcurrentJob.scala:65)
	at org.nlogo.job.JobThread.runPrimaryJobs(JobThread.scala:133)
	at org.nlogo.job.JobThread.$anonfun$run$1(JobThread.scala:68)
	at scala.runtime.java8.JFunction0$mcV$sp.apply(JFunction0$mcV$sp.java:12)
	at scala.util.control.Exception$Catch.apply(Exception.scala:224)
	at org.nlogo.api.Exceptions$.handling(Exceptions.scala:41)
	at org.nlogo.job.JobThread.run(JobThread.scala:66)
Run #10, RUNTIME ERROR: The tick counter has not been started yet. Use RESET-TICKS.
error while observer running TICKS
  called by procedure __EVALUATOR
org.nlogo.nvm.RuntimePrimitiveException: The tick counter has not been started yet. Use RESET-TICKS.
	at org.nlogo.prim._asm_procedure__evaluator_report_0.perform(:3)
	at org.nlogo.nvm.Context.stepConcurrent(Context.java:107)
	at org.nlogo.nvm.ConcurrentJob.step(ConcurrentJob.scala:65)
	at org.nlogo.job.JobThread.runPrimaryJobs(JobThread.scala:133)
	at org.nlogo.job.JobThread.$anonfun$run$1(JobThread.scala:68)
	at scala.runtime.java8.JFunction0$mcV$sp.apply(JFunction0$mcV$sp.java:12)
	at scala.util.control.Exception$Catch.apply(Exception.scala:224)
	at org.nlogo.api.Exceptions$.handling(Exceptions.scala:41)
	at org.nlogo.job.JobThread.run(JobThread.scala:66)
Run #11, RUNTIME ERROR: The tick counter has not been started yet. Use RESET-TICKS.
error while observer running TICKS
  called by procedure __EVALUATOR
org.nlogo.nvm.RuntimePrimitiveException: The tick counter has not been started yet. Use RESET-TICKS.
	at org.nlogo.prim._asm_procedure__evaluator_report_0.perform(:3)
	at org.nlogo.nvm.Context.stepConcurrent(Context.java:107)
	at org.nlogo.nvm.ConcurrentJob.step(ConcurrentJob.scala:65)
	at org.nlogo.job.JobThread.runPrimaryJobs(JobThread.scala:133)
	at org.nlogo.job.JobThread.$anonfun$run$1(JobThread.scala:68)
	at scala.runtime.java8.JFunction0$mcV$sp.apply(JFunction0$mcV$sp.java:12)
	at scala.util.control.Exception$Catch.apply(Exception.scala:224)
	at org.nlogo.api.Exceptions$.handling(Exceptions.scala:41)
	at org.nlogo.job.JobThread.run(JobThread.scala:66)
Run #20, RUNTIME ERROR: The tick counter has not been started yet. Use RESET-TICKS.
error while observer running TICKS
  called by procedure __EVALUATOR
org.nlogo.nvm.RuntimePrimitiveException: The tick counter has not been started yet. Use RESET-TICKS.
	at org.nlogo.prim._asm_procedure__evaluator_report_0.perform(:3)
	at org.nlogo.nvm.Context.stepConcurrent(Context.java:107)
	at org.nlogo.nvm.ConcurrentJob.step(ConcurrentJob.scala:65)
	at org.nlogo.job.JobThread.runPrimaryJobs(JobThread.scala:133)
	at org.nlogo.job.JobThread.$anonfun$run$1(JobThread.scala:68)
	at scala.runtime.java8.JFunction0$mcV$sp.apply(JFunction0$mcV$sp.java:12)
	at scala.util.control.Exception$Catch.apply(Exception.scala:224)
	at org.nlogo.api.Exceptions$.handling(Exceptions.scala:41)
	at org.nlogo.job.JobThread.run(JobThread.scala:66)
Run #3, RUNTIME ERROR: The tick counter has not been started yet. Use RESET-TICKS.
error while observer running TICKS
  called by procedure __EVALUATOR
org.nlogo.nvm.RuntimePrimitiveException: The tick counter has not been started yet. Use RESET-TICKS.
	at org.nlogo.prim._asm_procedure__evaluator_report_0.perform(:3)
	at org.nlogo.nvm.Context.stepConcurrent(Context.java:107)
	at org.nlogo.nvm.ConcurrentJob.step(ConcurrentJob.scala:65)
	at org.nlogo.job.JobThread.runPrimaryJobs(JobThread.scala:133)
	at org.nlogo.job.JobThread.$anonfun$run$1(JobThread.scala:68)
	at scala.runtime.java8.JFunction0$mcV$sp.apply(JFunction0$mcV$sp.java:12)
	at scala.util.control.Exception$Catch.apply(Exception.scala:224)
	at org.nlogo.api.Exceptions$.handling(Exceptions.scala:41)
	at org.nlogo.job.JobThread.run(JobThread.scala:66)
Run #17, RUNTIME ERROR: The tick counter has not been started yet. Use RESET-TICKS.
error while observer running TICKS
  called by procedure __EVALUATOR
org.nlogo.nvm.RuntimePrimitiveException: The tick counter has not been started yet. Use RESET-TICKS.
	at org.nlogo.prim._asm_procedure__evaluator_report_0.perform(:3)
	at org.nlogo.nvm.Context.stepConcurrent(Context.java:107)
	at org.nlogo.nvm.ConcurrentJob.step(ConcurrentJob.scala:65)
	at org.nlogo.job.JobThread.runPrimaryJobs(JobThread.scala:133)
	at org.nlogo.job.JobThread.$anonfun$run$1(JobThread.scala:68)
	at scala.runtime.java8.JFunction0$mcV$sp.apply(JFunction0$mcV$sp.java:12)
	at scala.util.control.Exception$Catch.apply(Exception.scala:224)
	at org.nlogo.api.Exceptions$.handling(Exceptions.scala:41)
	at org.nlogo.job.JobThread.run(JobThread.scala:66)
Run #22, RUNTIME ERROR: The tick counter has not been started yet. Use RESET-TICKS.
error while observer running TICKS
  called by procedure __EVALUATOR
org.nlogo.nvm.RuntimePrimitiveException: The tick counter has not been started yet. Use RESET-TICKS.
	at org.nlogo.prim._asm_procedure__evaluator_report_0.perform(:3)
	at org.nlogo.nvm.Context.stepConcurrent(Context.java:107)
	at org.nlogo.nvm.ConcurrentJob.step(ConcurrentJob.scala:65)
	at org.nlogo.job.JobThread.runPrimaryJobs(JobThread.scala:133)
	at org.nlogo.job.JobThread.$anonfun$run$1(JobThread.scala:68)
	at scala.runtime.java8.JFunction0$mcV$sp.apply(JFunction0$mcV$sp.java:12)
	at scala.util.control.Exception$Catch.apply(Exception.scala:224)
	at org.nlogo.api.Exceptions$.handling(Exceptions.scala:41)
	at org.nlogo.job.JobThread.run(JobThread.scala:66)
Exception in thread "main" java.util.concurrent.ExecutionException: java.util.NoSuchElementException: queue empty
	at java.util.concurrent.FutureTask.report(FutureTask.java:122)
	at java.util.concurrent.FutureTask.get(FutureTask.java:192)
	at org.nlogo.lab.Worker.$anonfun$run$5(Worker.scala:47)
	at org.nlogo.lab.Worker.$anonfun$run$5$adapted(Worker.scala:47)
	at scala.collection.Iterator.foreach(Iterator.scala:929)
	at scala.collection.Iterator.foreach$(Iterator.scala:929)
	at scala.collection.AbstractIterator.foreach(Iterator.scala:1417)
	at scala.collection.IterableLike.foreach(IterableLike.scala:71)
	at scala.collection.IterableLike.foreach$(IterableLike.scala:70)
	at scala.collection.AbstractIterable.foreach(Iterable.scala:54)
	at org.nlogo.lab.Worker.run(Worker.scala:47)
	at org.nlogo.lab.Lab.run(Lab.scala:49)
	at org.nlogo.headless.Main$.runExperiment(Main.scala:30)
	at org.nlogo.headless.Main$.$anonfun$main$1(Main.scala:12)
	at org.nlogo.headless.Main$.$anonfun$main$1$adapted(Main.scala:12)
	at scala.Option.foreach(Option.scala:257)
	at org.nlogo.headless.Main$.main(Main.scala:12)
	at org.nlogo.headless.Main.main(Main.scala)
Caused by: java.util.NoSuchElementException: queue empty
	at scala.collection.mutable.Queue.dequeue(Queue.scala:66)
	at org.nlogo.lab.Lab.nextWorkspace$1(Lab.scala:48)
	at org.nlogo.lab.Lab.$anonfun$run$9(Lab.scala:49)
	at org.nlogo.lab.Worker$Runner.call(Worker.scala:90)
	at org.nlogo.lab.Worker$Runner.call(Worker.scala:74)
	at java.util.concurrent.FutureTask.run(FutureTask.java:266)
	at java.util.concurrent.ThreadPoolExecutor.runWorker(ThreadPoolExecutor.java:1149)
	at java.util.concurrent.ThreadPoolExecutor$Worker.run(ThreadPoolExecutor.java:624)
	at java.lang.Thread.run(Thread.java:748)
