java.util.ConcurrentModificationException
	at java.util.ArrayList$Itr.checkForComodification(ArrayList.java:909)
	at java.util.ArrayList$Itr.next(ArrayList.java:859)
	at org.nlogo.job.JobThread.compact(JobThread.scala:187)
	at org.nlogo.job.JobThread.$anonfun$run$1(JobThread.scala:67)
	at scala.runtime.java8.JFunction0$mcV$sp.apply(JFunction0$mcV$sp.java:12)
	at scala.util.control.Exception$Catch.apply(Exception.scala:224)
	at org.nlogo.api.Exceptions$.handling(Exceptions.scala:41)
	at org.nlogo.job.JobThread.run(JobThread.scala:66)
java.util.ConcurrentModificationException
	at java.util.ArrayList$Itr.checkForComodification(ArrayList.java:909)
	at java.util.ArrayList$Itr.remove(ArrayList.java:873)
	at org.nlogo.job.JobThread.compact(JobThread.scala:188)
	at org.nlogo.job.JobThread.$anonfun$run$1(JobThread.scala:67)
	at scala.runtime.java8.JFunction0$mcV$sp.apply(JFunction0$mcV$sp.java:12)
	at scala.util.control.Exception$Catch.apply(Exception.scala:224)
	at org.nlogo.api.Exceptions$.handling(Exceptions.scala:41)
	at org.nlogo.job.JobThread.run(JobThread.scala:66)
java.util.ConcurrentModificationException
	at java.util.ArrayList$Itr.checkForComodification(ArrayList.java:909)
	at java.util.ArrayList$Itr.next(ArrayList.java:859)
	at org.nlogo.job.JobThread.compact(JobThread.scala:187)
	at org.nlogo.job.JobThread.$anonfun$run$1(JobThread.scala:67)
	at scala.runtime.java8.JFunction0$mcV$sp.apply(JFunction0$mcV$sp.java:12)
	at scala.util.control.Exception$Catch.apply(Exception.scala:224)
	at org.nlogo.api.Exceptions$.handling(Exceptions.scala:41)
	at org.nlogo.job.JobThread.run(JobThread.scala:66)
java.util.ConcurrentModificationException
	at java.util.ArrayList$Itr.checkForComodification(ArrayList.java:909)
	at java.util.ArrayList$Itr.next(ArrayList.java:859)
	at org.nlogo.job.JobThread.compact(JobThread.scala:187)
	at org.nlogo.job.JobThread.$anonfun$run$1(JobThread.scala:67)
	at scala.runtime.java8.JFunction0$mcV$sp.apply(JFunction0$mcV$sp.java:12)
	at scala.util.control.Exception$Catch.apply(Exception.scala:224)
	at org.nlogo.api.Exceptions$.handling(Exceptions.scala:41)
	at org.nlogo.job.JobThread.run(JobThread.scala:66)
java.util.ConcurrentModificationException
	at java.util.ArrayList$Itr.checkForComodification(ArrayList.java:909)
	at java.util.ArrayList$Itr.remove(ArrayList.java:873)
	at org.nlogo.job.JobThread.compact(JobThread.scala:188)
	at org.nlogo.job.JobThread.$anonfun$run$1(JobThread.scala:67)
	at scala.runtime.java8.JFunction0$mcV$sp.apply(JFunction0$mcV$sp.java:12)
	at scala.util.control.Exception$Catch.apply(Exception.scala:224)
	at org.nlogo.api.Exceptions$.handling(Exceptions.scala:41)
	at org.nlogo.job.JobThread.run(JobThread.scala:66)
java.util.ConcurrentModificationException
	at java.util.ArrayList$Itr.checkForComodification(ArrayList.java:909)
	at java.util.ArrayList$Itr.remove(ArrayList.java:873)
	at org.nlogo.job.JobThread.compact(JobThread.scala:188)
	at org.nlogo.job.JobThread.$anonfun$run$1(JobThread.scala:67)
	at scala.runtime.java8.JFunction0$mcV$sp.apply(JFunction0$mcV$sp.java:12)
	at scala.util.control.Exception$Catch.apply(Exception.scala:224)
	at org.nlogo.api.Exceptions$.handling(Exceptions.scala:41)
	at org.nlogo.job.JobThread.run(JobThread.scala:66)
java.util.ConcurrentModificationException
	at java.util.ArrayList$Itr.checkForComodification(ArrayList.java:909)
	at java.util.ArrayList$Itr.remove(ArrayList.java:873)
	at org.nlogo.job.JobThread.compact(JobThread.scala:188)
	at org.nlogo.job.JobThread.$anonfun$run$1(JobThread.scala:67)
	at scala.runtime.java8.JFunction0$mcV$sp.apply(JFunction0$mcV$sp.java:12)
	at scala.util.control.Exception$Catch.apply(Exception.scala:224)
	at org.nlogo.api.Exceptions$.handling(Exceptions.scala:41)
	at org.nlogo.job.JobThread.run(JobThread.scala:66)
java.util.ConcurrentModificationException
	at java.util.ArrayList$Itr.checkForComodification(ArrayList.java:909)
	at java.util.ArrayList$Itr.remove(ArrayList.java:873)
	at org.nlogo.job.JobThread.compact(JobThread.scala:188)
	at org.nlogo.job.JobThread.$anonfun$run$1(JobThread.scala:67)
	at scala.runtime.java8.JFunction0$mcV$sp.apply(JFunction0$mcV$sp.java:12)
	at scala.util.control.Exception$Catch.apply(Exception.scala:224)
	at org.nlogo.api.Exceptions$.handling(Exceptions.scala:41)
	at org.nlogo.job.JobThread.run(JobThread.scala:66)
java.util.ConcurrentModificationException
	at java.util.ArrayList$Itr.checkForComodification(ArrayList.java:909)
	at java.util.ArrayList$Itr.remove(ArrayList.java:873)
	at org.nlogo.job.JobThread.compact(JobThread.scala:188)
	at org.nlogo.job.JobThread.$anonfun$run$1(JobThread.scala:67)
	at scala.runtime.java8.JFunction0$mcV$sp.apply(JFunction0$mcV$sp.java:12)
	at scala.util.control.Exception$Catch.apply(Exception.scala:224)
	at org.nlogo.api.Exceptions$.handling(Exceptions.scala:41)
	at org.nlogo.job.JobThread.run(JobThread.scala:66)
java.util.ConcurrentModificationException
	at java.util.ArrayList$Itr.checkForComodification(ArrayList.java:909)
	at java.util.ArrayList$Itr.remove(ArrayList.java:873)
	at org.nlogo.job.JobThread.compact(JobThread.scala:188)
	at org.nlogo.job.JobThread.$anonfun$run$1(JobThread.scala:67)
	at scala.runtime.java8.JFunction0$mcV$sp.apply(JFunction0$mcV$sp.java:12)
	at scala.util.control.Exception$Catch.apply(Exception.scala:224)
	at org.nlogo.api.Exceptions$.handling(Exceptions.scala:41)
	at org.nlogo.job.JobThread.run(JobThread.scala:66)
srun: Job step aborted: Waiting up to 32 seconds for job step to finish.
slurmstepd: error: *** JOB 1695116 ON cg6-8 CANCELLED AT 2019-08-16T10:58:34 ***
slurmstepd: error: *** STEP 1695116.0 ON cg6-8 CANCELLED AT 2019-08-16T10:58:34 ***
