Run #11, RUNTIME ERROR: Global variable does not exist:
random-riskThresh
org.nlogo.lab.Worker$Runner$FailedException: Global variable does not exist:
random-riskThresh
	at org.nlogo.lab.Worker$Runner.$anonfun$callHelper$4(Worker.scala:127)
	at org.nlogo.lab.Worker$Runner.$anonfun$callHelper$4$adapted(Worker.scala:122)
	at scala.collection.TraversableLike$WithFilter.$anonfun$foreach$1(TraversableLike.scala:789)
	at scala.collection.immutable.List.foreach(List.scala:389)
	at scala.collection.TraversableLike$WithFilter.foreach(TraversableLike.scala:788)
	at org.nlogo.lab.Worker$Runner.setVariables$1(Worker.scala:122)
	at org.nlogo.lab.Worker$Runner.callHelper(Worker.scala:167)
	at org.nlogo.lab.Worker$Runner.call(Worker.scala:91)
	at org.nlogo.lab.Worker$Runner.call(Worker.scala:74)
	at java.util.concurrent.FutureTask.run(FutureTask.java:266)
	at java.util.concurrent.ThreadPoolExecutor.runWorker(ThreadPoolExecutor.java:1149)
	at java.util.concurrent.ThreadPoolExecutor$Worker.run(ThreadPoolExecutor.java:624)
	at java.lang.Thread.run(Thread.java:748)
Run #5, RUNTIME ERROR: Global variable does not exist:
random-riskThresh
org.nlogo.lab.Worker$Runner$FailedException: Global variable does not exist:
random-riskThresh
	at org.nlogo.lab.Worker$Runner.$anonfun$callHelper$4(Worker.scala:127)
	at org.nlogo.lab.Worker$Runner.$anonfun$callHelper$4$adapted(Worker.scala:122)
	at scala.collection.TraversableLike$WithFilter.$anonfun$foreach$1(TraversableLike.scala:789)
	at scala.collection.immutable.List.foreach(List.scala:389)
	at scala.collection.TraversableLike$WithFilter.foreach(TraversableLike.scala:788)
	at org.nlogo.lab.Worker$Runner.setVariables$1(Worker.scala:122)
	at org.nlogo.lab.Worker$Runner.callHelper(Worker.scala:167)
	at org.nlogo.lab.Worker$Runner.call(Worker.scala:91)
	at org.nlogo.lab.Worker$Runner.call(Worker.scala:74)
	at java.util.concurrent.FutureTask.run(FutureTask.java:266)
	at java.util.concurrent.ThreadPoolExecutor.runWorker(ThreadPoolExecutor.java:1149)
	at java.util.concurrent.ThreadPoolExecutor$Worker.run(ThreadPoolExecutor.java:624)
	at java.lang.Thread.run(Thread.java:748)
Run #7, RUNTIME ERROR: Global variable does not exist:
random-riskThresh
org.nlogo.lab.Worker$Runner$FailedException: Global variable does not exist:
random-riskThresh
	at org.nlogo.lab.Worker$Runner.$anonfun$callHelper$4(Worker.scala:127)
	at org.nlogo.lab.Worker$Runner.$anonfun$callHelper$4$adapted(Worker.scala:122)
	at scala.collection.TraversableLike$WithFilter.$anonfun$foreach$1(TraversableLike.scala:789)
	at scala.collection.immutable.List.foreach(List.scala:389)
	at scala.collection.TraversableLike$WithFilter.foreach(TraversableLike.scala:788)
	at org.nlogo.lab.Worker$Runner.setVariables$1(Worker.scala:122)
	at org.nlogo.lab.Worker$Runner.callHelper(Worker.scala:167)
	at org.nlogo.lab.Worker$Runner.call(Worker.scala:91)
	at org.nlogo.lab.Worker$Runner.call(Worker.scala:74)
	at java.util.concurrent.FutureTask.run(FutureTask.java:266)
	at java.util.concurrent.ThreadPoolExecutor.runWorker(ThreadPoolExecutor.java:1149)
	at java.util.concurrent.ThreadPoolExecutor$Worker.run(ThreadPoolExecutor.java:624)
	at java.lang.Thread.run(Thread.java:748)
Run #23, RUNTIME ERROR: Global variable does not exist:
random-riskThresh
org.nlogo.lab.Worker$Runner$FailedException: Global variable does not exist:
random-riskThresh
	at org.nlogo.lab.Worker$Runner.$anonfun$callHelper$4(Worker.scala:127)
	at org.nlogo.lab.Worker$Runner.$anonfun$callHelper$4$adapted(Worker.scala:122)
	at scala.collection.TraversableLike$WithFilter.$anonfun$foreach$1(TraversableLike.scala:789)
	at scala.collection.immutable.List.foreach(List.scala:389)
	at scala.collection.TraversableLike$WithFilter.foreach(TraversableLike.scala:788)
	at org.nlogo.lab.Worker$Runner.setVariables$1(Worker.scala:122)
	at org.nlogo.lab.Worker$Runner.callHelper(Worker.scala:167)
	at org.nlogo.lab.Worker$Runner.call(Worker.scala:91)
	at org.nlogo.lab.Worker$Runner.call(Worker.scala:74)
	at java.util.concurrent.FutureTask.run(FutureTask.java:266)
	at java.util.concurrent.ThreadPoolExecutor.runWorker(ThreadPoolExecutor.java:1149)
	at java.util.concurrent.ThreadPoolExecutor$Worker.run(ThreadPoolExecutor.java:624)
	at java.lang.Thread.run(Thread.java:748)
Run #2, RUNTIME ERROR: Global variable does not exist:
random-riskThresh
org.nlogo.lab.Worker$Runner$FailedException: Global variable does not exist:
random-riskThresh
	at org.nlogo.lab.Worker$Runner.$anonfun$callHelper$4(Worker.scala:127)
	at org.nlogo.lab.Worker$Runner.$anonfun$callHelper$4$adapted(Worker.scala:122)
	at scala.collection.TraversableLike$WithFilter.$anonfun$foreach$1(TraversableLike.scala:789)
	at scala.collection.immutable.List.foreach(List.scala:389)
	at scala.collection.TraversableLike$WithFilter.foreach(TraversableLike.scala:788)
	at org.nlogo.lab.Worker$Runner.setVariables$1(Worker.scala:122)
	at org.nlogo.lab.Worker$Runner.callHelper(Worker.scala:167)
	at org.nlogo.lab.Worker$Runner.call(Worker.scala:91)
	at org.nlogo.lab.Worker$Runner.call(Worker.scala:74)
	at java.util.concurrent.FutureTask.run(FutureTask.java:266)
	at java.util.concurrent.ThreadPoolExecutor.runWorker(ThreadPoolExecutor.java:1149)
	at java.util.concurrent.ThreadPoolExecutor$Worker.run(ThreadPoolExecutor.java:624)
	at java.lang.Thread.run(Thread.java:748)
Run #20, RUNTIME ERROR: Global variable does not exist:
random-riskThresh
org.nlogo.lab.Worker$Runner$FailedException: Global variable does not exist:
random-riskThresh
	at org.nlogo.lab.Worker$Runner.$anonfun$callHelper$4(Worker.scala:127)
	at org.nlogo.lab.Worker$Runner.$anonfun$callHelper$4$adapted(Worker.scala:122)
	at scala.collection.TraversableLike$WithFilter.$anonfun$foreach$1(TraversableLike.scala:789)
	at scala.collection.immutable.List.foreach(List.scala:389)
	at scala.collection.TraversableLike$WithFilter.foreach(TraversableLike.scala:788)
	at org.nlogo.lab.Worker$Runner.setVariables$1(Worker.scala:122)
	at org.nlogo.lab.Worker$Runner.callHelper(Worker.scala:167)
	at org.nlogo.lab.Worker$Runner.call(Worker.scala:91)
	at org.nlogo.lab.Worker$Runner.call(Worker.scala:74)
	at java.util.concurrent.FutureTask.run(FutureTask.java:266)
	at java.util.concurrent.ThreadPoolExecutor.runWorker(ThreadPoolExecutor.java:1149)
	at java.util.concurrent.ThreadPoolExecutor$Worker.run(ThreadPoolExecutor.java:624)
	at java.lang.Thread.run(Thread.java:748)
Run #3, RUNTIME ERROR: Global variable does not exist:
random-riskThresh
org.nlogo.lab.Worker$Runner$FailedException: Global variable does not exist:
random-riskThresh
	at org.nlogo.lab.Worker$Runner.$anonfun$callHelper$4(Worker.scala:127)
	at org.nlogo.lab.Worker$Runner.$anonfun$callHelper$4$adapted(Worker.scala:122)
	at scala.collection.TraversableLike$WithFilter.$anonfun$foreach$1(TraversableLike.scala:789)
	at scala.collection.immutable.List.foreach(List.scala:389)
	at scala.collection.TraversableLike$WithFilter.foreach(TraversableLike.scala:788)
	at org.nlogo.lab.Worker$Runner.setVariables$1(Worker.scala:122)
	at org.nlogo.lab.Worker$Runner.callHelper(Worker.scala:167)
	at org.nlogo.lab.Worker$Runner.call(Worker.scala:91)
	at org.nlogo.lab.Worker$Runner.call(Worker.scala:74)
	at java.util.concurrent.FutureTask.run(FutureTask.java:266)
	at java.util.concurrent.ThreadPoolExecutor.runWorker(ThreadPoolExecutor.java:1149)
	at java.util.concurrent.ThreadPoolExecutor$Worker.run(ThreadPoolExecutor.java:624)
	at java.lang.Thread.run(Thread.java:748)
Run #17, RUNTIME ERROR: Global variable does not exist:
random-riskThresh
org.nlogo.lab.Worker$Runner$FailedException: Global variable does not exist:
random-riskThresh
	at org.nlogo.lab.Worker$Runner.$anonfun$callHelper$4(Worker.scala:127)
	at org.nlogo.lab.Worker$Runner.$anonfun$callHelper$4$adapted(Worker.scala:122)
	at scala.collection.TraversableLike$WithFilter.$anonfun$foreach$1(TraversableLike.scala:789)
	at scala.collection.immutable.List.foreach(List.scala:389)
	at scala.collection.TraversableLike$WithFilter.foreach(TraversableLike.scala:788)
	at org.nlogo.lab.Worker$Runner.setVariables$1(Worker.scala:122)
	at org.nlogo.lab.Worker$Runner.callHelper(Worker.scala:167)
	at org.nlogo.lab.Worker$Runner.call(Worker.scala:91)
	at org.nlogo.lab.Worker$Runner.call(Worker.scala:74)
	at java.util.concurrent.FutureTask.run(FutureTask.java:266)
	at java.util.concurrent.ThreadPoolExecutor.runWorker(ThreadPoolExecutor.java:1149)
	at java.util.concurrent.ThreadPoolExecutor$Worker.run(ThreadPoolExecutor.java:624)
	at java.lang.Thread.run(Thread.java:748)
Run #28, RUNTIME ERROR: Global variable does not exist:
random-riskThresh
org.nlogo.lab.Worker$Runner$FailedException: Global variable does not exist:
random-riskThresh
	at org.nlogo.lab.Worker$Runner.$anonfun$callHelper$4(Worker.scala:127)
	at org.nlogo.lab.Worker$Runner.$anonfun$callHelper$4$adapted(Worker.scala:122)
	at scala.collection.TraversableLike$WithFilter.$anonfun$foreach$1(TraversableLike.scala:789)
	at scala.collection.immutable.List.foreach(List.scala:389)
	at scala.collection.TraversableLike$WithFilter.foreach(TraversableLike.scala:788)
	at org.nlogo.lab.Worker$Runner.setVariables$1(Worker.scala:122)
	at org.nlogo.lab.Worker$Runner.callHelper(Worker.scala:167)
	at org.nlogo.lab.Worker$Runner.call(Worker.scala:91)
	at org.nlogo.lab.Worker$Runner.call(Worker.scala:74)
	at java.util.concurrent.FutureTask.run(FutureTask.java:266)
	at java.util.concurrent.ThreadPoolExecutor.runWorker(ThreadPoolExecutor.java:1149)
	at java.util.concurrent.ThreadPoolExecutor$Worker.run(ThreadPoolExecutor.java:624)
	at java.lang.Thread.run(Thread.java:748)
Run #9, RUNTIME ERROR: Global variable does not exist:
random-riskThresh
org.nlogo.lab.Worker$Runner$FailedException: Global variable does not exist:
random-riskThresh
	at org.nlogo.lab.Worker$Runner.$anonfun$callHelper$4(Worker.scala:127)
	at org.nlogo.lab.Worker$Runner.$anonfun$callHelper$4$adapted(Worker.scala:122)
	at scala.collection.TraversableLike$WithFilter.$anonfun$foreach$1(TraversableLike.scala:789)
	at scala.collection.immutable.List.foreach(List.scala:389)
	at scala.collection.TraversableLike$WithFilter.foreach(TraversableLike.scala:788)
	at org.nlogo.lab.Worker$Runner.setVariables$1(Worker.scala:122)
	at org.nlogo.lab.Worker$Runner.callHelper(Worker.scala:167)
	at org.nlogo.lab.Worker$Runner.call(Worker.scala:91)
	at org.nlogo.lab.Worker$Runner.call(Worker.scala:74)
	at java.util.concurrent.FutureTask.run(FutureTask.java:266)
	at java.util.concurrent.ThreadPoolExecutor.runWorker(ThreadPoolExecutor.java:1149)
	at java.util.concurrent.ThreadPoolExecutor$Worker.run(ThreadPoolExecutor.java:624)
	at java.lang.Thread.run(Thread.java:748)
Run #14, RUNTIME ERROR: Global variable does not exist:
random-riskThresh
org.nlogo.lab.Worker$Runner$FailedException: Global variable does not exist:
random-riskThresh
	at org.nlogo.lab.Worker$Runner.$anonfun$callHelper$4(Worker.scala:127)
	at org.nlogo.lab.Worker$Runner.$anonfun$callHelper$4$adapted(Worker.scala:122)
	at scala.collection.TraversableLike$WithFilter.$anonfun$foreach$1(TraversableLike.scala:789)
	at scala.collection.immutable.List.foreach(List.scala:389)
	at scala.collection.TraversableLike$WithFilter.foreach(TraversableLike.scala:788)
	at org.nlogo.lab.Worker$Runner.setVariables$1(Worker.scala:122)
	at org.nlogo.lab.Worker$Runner.callHelper(Worker.scala:167)
	at org.nlogo.lab.Worker$Runner.call(Worker.scala:91)
	at org.nlogo.lab.Worker$Runner.call(Worker.scala:74)
	at java.util.concurrent.FutureTask.run(FutureTask.java:266)
	at java.util.concurrent.ThreadPoolExecutor.runWorker(ThreadPoolExecutor.java:1149)
	at java.util.concurrent.ThreadPoolExecutor$Worker.run(ThreadPoolExecutor.java:624)
	at java.lang.Thread.run(Thread.java:748)
Run #26, RUNTIME ERROR: Global variable does not exist:
random-riskThresh
org.nlogo.lab.Worker$Runner$FailedException: Global variable does not exist:
random-riskThresh
	at org.nlogo.lab.Worker$Runner.$anonfun$callHelper$4(Worker.scala:127)
	at org.nlogo.lab.Worker$Runner.$anonfun$callHelper$4$adapted(Worker.scala:122)
	at scala.collection.TraversableLike$WithFilter.$anonfun$foreach$1(TraversableLike.scala:789)
	at scala.collection.immutable.List.foreach(List.scala:389)
	at scala.collection.TraversableLike$WithFilter.foreach(TraversableLike.scala:788)
	at org.nlogo.lab.Worker$Runner.setVariables$1(Worker.scala:122)
	at org.nlogo.lab.Worker$Runner.callHelper(Worker.scala:167)
	at org.nlogo.lab.Worker$Runner.call(Worker.scala:91)
	at org.nlogo.lab.Worker$Runner.call(Worker.scala:74)
	at java.util.concurrent.FutureTask.run(FutureTask.java:266)
	at java.util.concurrent.ThreadPoolExecutor.runWorker(ThreadPoolExecutor.java:1149)
	at java.util.concurrent.ThreadPoolExecutor$Worker.run(ThreadPoolExecutor.java:624)
	at java.lang.Thread.run(Thread.java:748)
Run #13, RUNTIME ERROR: Global variable does not exist:
random-riskThresh
org.nlogo.lab.Worker$Runner$FailedException: Global variable does not exist:
random-riskThresh
	at org.nlogo.lab.Worker$Runner.$anonfun$callHelper$4(Worker.scala:127)
	at org.nlogo.lab.Worker$Runner.$anonfun$callHelper$4$adapted(Worker.scala:122)
	at scala.collection.TraversableLike$WithFilter.$anonfun$foreach$1(TraversableLike.scala:789)
	at scala.collection.immutable.List.foreach(List.scala:389)
	at scala.collection.TraversableLike$WithFilter.foreach(TraversableLike.scala:788)
	at org.nlogo.lab.Worker$Runner.setVariables$1(Worker.scala:122)
	at org.nlogo.lab.Worker$Runner.callHelper(Worker.scala:167)
	at org.nlogo.lab.Worker$Runner.call(Worker.scala:91)
	at org.nlogo.lab.Worker$Runner.call(Worker.scala:74)
	at java.util.concurrent.FutureTask.run(FutureTask.java:266)
	at java.util.concurrent.ThreadPoolExecutor.runWorker(ThreadPoolExecutor.java:1149)
	at java.util.concurrent.ThreadPoolExecutor$Worker.run(ThreadPoolExecutor.java:624)
	at java.lang.Thread.run(Thread.java:748)
Run #18, RUNTIME ERROR: Global variable does not exist:
random-riskThresh
org.nlogo.lab.Worker$Runner$FailedException: Global variable does not exist:
random-riskThresh
	at org.nlogo.lab.Worker$Runner.$anonfun$callHelper$4(Worker.scala:127)
	at org.nlogo.lab.Worker$Runner.$anonfun$callHelper$4$adapted(Worker.scala:122)
	at scala.collection.TraversableLike$WithFilter.$anonfun$foreach$1(TraversableLike.scala:789)
	at scala.collection.immutable.List.foreach(List.scala:389)
	at scala.collection.TraversableLike$WithFilter.foreach(TraversableLike.scala:788)
	at org.nlogo.lab.Worker$Runner.setVariables$1(Worker.scala:122)
	at org.nlogo.lab.Worker$Runner.callHelper(Worker.scala:167)
	at org.nlogo.lab.Worker$Runner.call(Worker.scala:91)
	at org.nlogo.lab.Worker$Runner.call(Worker.scala:74)
	at java.util.concurrent.FutureTask.run(FutureTask.java:266)
	at java.util.concurrent.ThreadPoolExecutor.runWorker(ThreadPoolExecutor.java:1149)
	at java.util.concurrent.ThreadPoolExecutor$Worker.run(ThreadPoolExecutor.java:624)
	at java.lang.Thread.run(Thread.java:748)
Run #8, RUNTIME ERROR: Global variable does not exist:
random-riskThresh
org.nlogo.lab.Worker$Runner$FailedException: Global variable does not exist:
random-riskThresh
	at org.nlogo.lab.Worker$Runner.$anonfun$callHelper$4(Worker.scala:127)
	at org.nlogo.lab.Worker$Runner.$anonfun$callHelper$4$adapted(Worker.scala:122)
	at scala.collection.TraversableLike$WithFilter.$anonfun$foreach$1(TraversableLike.scala:789)
	at scala.collection.immutable.List.foreach(List.scala:389)
	at scala.collection.TraversableLike$WithFilter.foreach(TraversableLike.scala:788)
	at org.nlogo.lab.Worker$Runner.setVariables$1(Worker.scala:122)
	at org.nlogo.lab.Worker$Runner.callHelper(Worker.scala:167)
	at org.nlogo.lab.Worker$Runner.call(Worker.scala:91)
	at org.nlogo.lab.Worker$Runner.call(Worker.scala:74)
	at java.util.concurrent.FutureTask.run(FutureTask.java:266)
	at java.util.concurrent.ThreadPoolExecutor.runWorker(ThreadPoolExecutor.java:1149)
	at java.util.concurrent.ThreadPoolExecutor$Worker.run(ThreadPoolExecutor.java:624)
	at java.lang.Thread.run(Thread.java:748)
Run #6, RUNTIME ERROR: Global variable does not exist:
random-riskThresh
org.nlogo.lab.Worker$Runner$FailedException: Global variable does not exist:
random-riskThresh
	at org.nlogo.lab.Worker$Runner.$anonfun$callHelper$4(Worker.scala:127)
	at org.nlogo.lab.Worker$Runner.$anonfun$callHelper$4$adapted(Worker.scala:122)
	at scala.collection.TraversableLike$WithFilter.$anonfun$foreach$1(TraversableLike.scala:789)
	at scala.collection.immutable.List.foreach(List.scala:389)
	at scala.collection.TraversableLike$WithFilter.foreach(TraversableLike.scala:788)
	at org.nlogo.lab.Worker$Runner.setVariables$1(Worker.scala:122)
	at org.nlogo.lab.Worker$Runner.callHelper(Worker.scala:167)
	at org.nlogo.lab.Worker$Runner.call(Worker.scala:91)
	at org.nlogo.lab.Worker$Runner.call(Worker.scala:74)
	at java.util.concurrent.FutureTask.run(FutureTask.java:266)
	at java.util.concurrent.ThreadPoolExecutor.runWorker(ThreadPoolExecutor.java:1149)
	at java.util.concurrent.ThreadPoolExecutor$Worker.run(ThreadPoolExecutor.java:624)
	at java.lang.Thread.run(Thread.java:748)
Run #24, RUNTIME ERROR: Global variable does not exist:
random-riskThresh
org.nlogo.lab.Worker$Runner$FailedException: Global variable does not exist:
random-riskThresh
	at org.nlogo.lab.Worker$Runner.$anonfun$callHelper$4(Worker.scala:127)
	at org.nlogo.lab.Worker$Runner.$anonfun$callHelper$4$adapted(Worker.scala:122)
	at scala.collection.TraversableLike$WithFilter.$anonfun$foreach$1(TraversableLike.scala:789)
	at scala.collection.immutable.List.foreach(List.scala:389)
	at scala.collection.TraversableLike$WithFilter.foreach(TraversableLike.scala:788)
	at org.nlogo.lab.Worker$Runner.setVariables$1(Worker.scala:122)
	at org.nlogo.lab.Worker$Runner.callHelper(Worker.scala:167)
	at org.nlogo.lab.Worker$Runner.call(Worker.scala:91)
	at org.nlogo.lab.Worker$Runner.call(Worker.scala:74)
	at java.util.concurrent.FutureTask.run(FutureTask.java:266)
	at java.util.concurrent.ThreadPoolExecutor.runWorker(ThreadPoolExecutor.java:1149)
	at java.util.concurrent.ThreadPoolExecutor$Worker.run(ThreadPoolExecutor.java:624)
	at java.lang.Thread.run(Thread.java:748)
Run #22, RUNTIME ERROR: Global variable does not exist:
random-riskThresh
org.nlogo.lab.Worker$Runner$FailedException: Global variable does not exist:
random-riskThresh
	at org.nlogo.lab.Worker$Runner.$anonfun$callHelper$4(Worker.scala:127)
	at org.nlogo.lab.Worker$Runner.$anonfun$callHelper$4$adapted(Worker.scala:122)
	at scala.collection.TraversableLike$WithFilter.$anonfun$foreach$1(TraversableLike.scala:789)
	at scala.collection.immutable.List.foreach(List.scala:389)
	at scala.collection.TraversableLike$WithFilter.foreach(TraversableLike.scala:788)
	at org.nlogo.lab.Worker$Runner.setVariables$1(Worker.scala:122)
	at org.nlogo.lab.Worker$Runner.callHelper(Worker.scala:167)
	at org.nlogo.lab.Worker$Runner.call(Worker.scala:91)
	at org.nlogo.lab.Worker$Runner.call(Worker.scala:74)
	at java.util.concurrent.FutureTask.run(FutureTask.java:266)
	at java.util.concurrent.ThreadPoolExecutor.runWorker(ThreadPoolExecutor.java:1149)
	at java.util.concurrent.ThreadPoolExecutor$Worker.run(ThreadPoolExecutor.java:624)
	at java.lang.Thread.run(Thread.java:748)
Run #12, RUNTIME ERROR: Global variable does not exist:
random-riskThresh
org.nlogo.lab.Worker$Runner$FailedException: Global variable does not exist:
random-riskThresh
	at org.nlogo.lab.Worker$Runner.$anonfun$callHelper$4(Worker.scala:127)
	at org.nlogo.lab.Worker$Runner.$anonfun$callHelper$4$adapted(Worker.scala:122)
	at scala.collection.TraversableLike$WithFilter.$anonfun$foreach$1(TraversableLike.scala:789)
	at scala.collection.immutable.List.foreach(List.scala:389)
	at scala.collection.TraversableLike$WithFilter.foreach(TraversableLike.scala:788)
	at org.nlogo.lab.Worker$Runner.setVariables$1(Worker.scala:122)
	at org.nlogo.lab.Worker$Runner.callHelper(Worker.scala:167)
	at org.nlogo.lab.Worker$Runner.call(Worker.scala:91)
	at org.nlogo.lab.Worker$Runner.call(Worker.scala:74)
	at java.util.concurrent.FutureTask.run(FutureTask.java:266)
	at java.util.concurrent.ThreadPoolExecutor.runWorker(ThreadPoolExecutor.java:1149)
	at java.util.concurrent.ThreadPoolExecutor$Worker.run(ThreadPoolExecutor.java:624)
	at java.lang.Thread.run(Thread.java:748)
Run #4, RUNTIME ERROR: Global variable does not exist:
random-riskThresh
org.nlogo.lab.Worker$Runner$FailedException: Global variable does not exist:
random-riskThresh
	at org.nlogo.lab.Worker$Runner.$anonfun$callHelper$4(Worker.scala:127)
	at org.nlogo.lab.Worker$Runner.$anonfun$callHelper$4$adapted(Worker.scala:122)
	at scala.collection.TraversableLike$WithFilter.$anonfun$foreach$1(TraversableLike.scala:789)
	at scala.collection.immutable.List.foreach(List.scala:389)
	at scala.collection.TraversableLike$WithFilter.foreach(TraversableLike.scala:788)
	at org.nlogo.lab.Worker$Runner.setVariables$1(Worker.scala:122)
	at org.nlogo.lab.Worker$Runner.callHelper(Worker.scala:167)
	at org.nlogo.lab.Worker$Runner.call(Worker.scala:91)
	at org.nlogo.lab.Worker$Runner.call(Worker.scala:74)
	at java.util.concurrent.FutureTask.run(FutureTask.java:266)
	at java.util.concurrent.ThreadPoolExecutor.runWorker(ThreadPoolExecutor.java:1149)
	at java.util.concurrent.ThreadPoolExecutor$Worker.run(ThreadPoolExecutor.java:624)
	at java.lang.Thread.run(Thread.java:748)
Run #16, RUNTIME ERROR: Global variable does not exist:
random-riskThresh
org.nlogo.lab.Worker$Runner$FailedException: Global variable does not exist:
random-riskThresh
	at org.nlogo.lab.Worker$Runner.$anonfun$callHelper$4(Worker.scala:127)
	at org.nlogo.lab.Worker$Runner.$anonfun$callHelper$4$adapted(Worker.scala:122)
	at scala.collection.TraversableLike$WithFilter.$anonfun$foreach$1(TraversableLike.scala:789)
	at scala.collection.immutable.List.foreach(List.scala:389)
	at scala.collection.TraversableLike$WithFilter.foreach(TraversableLike.scala:788)
	at org.nlogo.lab.Worker$Runner.setVariables$1(Worker.scala:122)
	at org.nlogo.lab.Worker$Runner.callHelper(Worker.scala:167)
	at org.nlogo.lab.Worker$Runner.call(Worker.scala:91)
	at org.nlogo.lab.Worker$Runner.call(Worker.scala:74)
	at java.util.concurrent.FutureTask.run(FutureTask.java:266)
	at java.util.concurrent.ThreadPoolExecutor.runWorker(ThreadPoolExecutor.java:1149)
	at java.util.concurrent.ThreadPoolExecutor$Worker.run(ThreadPoolExecutor.java:624)
	at java.lang.Thread.run(Thread.java:748)
Run #19, RUNTIME ERROR: Global variable does not exist:
random-riskThresh
org.nlogo.lab.Worker$Runner$FailedException: Global variable does not exist:
random-riskThresh
	at org.nlogo.lab.Worker$Runner.$anonfun$callHelper$4(Worker.scala:127)
	at org.nlogo.lab.Worker$Runner.$anonfun$callHelper$4$adapted(Worker.scala:122)
	at scala.collection.TraversableLike$WithFilter.$anonfun$foreach$1(TraversableLike.scala:789)
	at scala.collection.immutable.List.foreach(List.scala:389)
	at scala.collection.TraversableLike$WithFilter.foreach(TraversableLike.scala:788)
	at org.nlogo.lab.Worker$Runner.setVariables$1(Worker.scala:122)
	at org.nlogo.lab.Worker$Runner.callHelper(Worker.scala:167)
	at org.nlogo.lab.Worker$Runner.call(Worker.scala:91)
	at org.nlogo.lab.Worker$Runner.call(Worker.scala:74)
	at java.util.concurrent.FutureTask.run(FutureTask.java:266)
	at java.util.concurrent.ThreadPoolExecutor.runWorker(ThreadPoolExecutor.java:1149)
	at java.util.concurrent.ThreadPoolExecutor$Worker.run(ThreadPoolExecutor.java:624)
	at java.lang.Thread.run(Thread.java:748)
Run #27, RUNTIME ERROR: Global variable does not exist:
random-riskThresh
org.nlogo.lab.Worker$Runner$FailedException: Global variable does not exist:
random-riskThresh
	at org.nlogo.lab.Worker$Runner.$anonfun$callHelper$4(Worker.scala:127)
	at org.nlogo.lab.Worker$Runner.$anonfun$callHelper$4$adapted(Worker.scala:122)
	at scala.collection.TraversableLike$WithFilter.$anonfun$foreach$1(TraversableLike.scala:789)
	at scala.collection.immutable.List.foreach(List.scala:389)
	at scala.collection.TraversableLike$WithFilter.foreach(TraversableLike.scala:788)
	at org.nlogo.lab.Worker$Runner.setVariables$1(Worker.scala:122)
	at org.nlogo.lab.Worker$Runner.callHelper(Worker.scala:167)
	at org.nlogo.lab.Worker$Runner.call(Worker.scala:91)
	at org.nlogo.lab.Worker$Runner.call(Worker.scala:74)
	at java.util.concurrent.FutureTask.run(FutureTask.java:266)
	at java.util.concurrent.ThreadPoolExecutor.runWorker(ThreadPoolExecutor.java:1149)
	at java.util.concurrent.ThreadPoolExecutor$Worker.run(ThreadPoolExecutor.java:624)
	at java.lang.Thread.run(Thread.java:748)
Run #10, RUNTIME ERROR: Global variable does not exist:
random-riskThresh
org.nlogo.lab.Worker$Runner$FailedException: Global variable does not exist:
random-riskThresh
	at org.nlogo.lab.Worker$Runner.$anonfun$callHelper$4(Worker.scala:127)
	at org.nlogo.lab.Worker$Runner.$anonfun$callHelper$4$adapted(Worker.scala:122)
	at scala.collection.TraversableLike$WithFilter.$anonfun$foreach$1(TraversableLike.scala:789)
	at scala.collection.immutable.List.foreach(List.scala:389)
	at scala.collection.TraversableLike$WithFilter.foreach(TraversableLike.scala:788)
	at org.nlogo.lab.Worker$Runner.setVariables$1(Worker.scala:122)
	at org.nlogo.lab.Worker$Runner.callHelper(Worker.scala:167)
	at org.nlogo.lab.Worker$Runner.call(Worker.scala:91)
	at org.nlogo.lab.Worker$Runner.call(Worker.scala:74)
	at java.util.concurrent.FutureTask.run(FutureTask.java:266)
	at java.util.concurrent.ThreadPoolExecutor.runWorker(ThreadPoolExecutor.java:1149)
	at java.util.concurrent.ThreadPoolExecutor$Worker.run(ThreadPoolExecutor.java:624)
	at java.lang.Thread.run(Thread.java:748)
Run #15, RUNTIME ERROR: Global variable does not exist:
random-riskThresh
org.nlogo.lab.Worker$Runner$FailedException: Global variable does not exist:
random-riskThresh
	at org.nlogo.lab.Worker$Runner.$anonfun$callHelper$4(Worker.scala:127)
	at org.nlogo.lab.Worker$Runner.$anonfun$callHelper$4$adapted(Worker.scala:122)
	at scala.collection.TraversableLike$WithFilter.$anonfun$foreach$1(TraversableLike.scala:789)
	at scala.collection.immutable.List.foreach(List.scala:389)
	at scala.collection.TraversableLike$WithFilter.foreach(TraversableLike.scala:788)
	at org.nlogo.lab.Worker$Runner.setVariables$1(Worker.scala:122)
	at org.nlogo.lab.Worker$Runner.callHelper(Worker.scala:167)
	at org.nlogo.lab.Worker$Runner.call(Worker.scala:91)
	at org.nlogo.lab.Worker$Runner.call(Worker.scala:74)
	at java.util.concurrent.FutureTask.run(FutureTask.java:266)
	at java.util.concurrent.ThreadPoolExecutor.runWorker(ThreadPoolExecutor.java:1149)
	at java.util.concurrent.ThreadPoolExecutor$Worker.run(ThreadPoolExecutor.java:624)
	at java.lang.Thread.run(Thread.java:748)
Run #21, RUNTIME ERROR: Global variable does not exist:
random-riskThresh
org.nlogo.lab.Worker$Runner$FailedException: Global variable does not exist:
random-riskThresh
	at org.nlogo.lab.Worker$Runner.$anonfun$callHelper$4(Worker.scala:127)
	at org.nlogo.lab.Worker$Runner.$anonfun$callHelper$4$adapted(Worker.scala:122)
	at scala.collection.TraversableLike$WithFilter.$anonfun$foreach$1(TraversableLike.scala:789)
	at scala.collection.immutable.List.foreach(List.scala:389)
	at scala.collection.TraversableLike$WithFilter.foreach(TraversableLike.scala:788)
	at org.nlogo.lab.Worker$Runner.setVariables$1(Worker.scala:122)
	at org.nlogo.lab.Worker$Runner.callHelper(Worker.scala:167)
	at org.nlogo.lab.Worker$Runner.call(Worker.scala:91)
	at org.nlogo.lab.Worker$Runner.call(Worker.scala:74)
	at java.util.concurrent.FutureTask.run(FutureTask.java:266)
	at java.util.concurrent.ThreadPoolExecutor.runWorker(ThreadPoolExecutor.java:1149)
	at java.util.concurrent.ThreadPoolExecutor$Worker.run(ThreadPoolExecutor.java:624)
	at java.lang.Thread.run(Thread.java:748)
Run #1, RUNTIME ERROR: Global variable does not exist:
random-riskThresh
org.nlogo.lab.Worker$Runner$FailedException: Global variable does not exist:
random-riskThresh
	at org.nlogo.lab.Worker$Runner.$anonfun$callHelper$4(Worker.scala:127)
	at org.nlogo.lab.Worker$Runner.$anonfun$callHelper$4$adapted(Worker.scala:122)
	at scala.collection.TraversableLike$WithFilter.$anonfun$foreach$1(TraversableLike.scala:789)
	at scala.collection.immutable.List.foreach(List.scala:389)
	at scala.collection.TraversableLike$WithFilter.foreach(TraversableLike.scala:788)
	at org.nlogo.lab.Worker$Runner.setVariables$1(Worker.scala:122)
	at org.nlogo.lab.Worker$Runner.callHelper(Worker.scala:167)
	at org.nlogo.lab.Worker$Runner.call(Worker.scala:91)
	at org.nlogo.lab.Worker$Runner.call(Worker.scala:74)
	at java.util.concurrent.FutureTask.run(FutureTask.java:266)
	at java.util.concurrent.ThreadPoolExecutor.runWorker(ThreadPoolExecutor.java:1149)
	at java.util.concurrent.ThreadPoolExecutor$Worker.run(ThreadPoolExecutor.java:624)
	at java.lang.Thread.run(Thread.java:748)
Run #25, RUNTIME ERROR: Global variable does not exist:
random-riskThresh
org.nlogo.lab.Worker$Runner$FailedException: Global variable does not exist:
random-riskThresh
	at org.nlogo.lab.Worker$Runner.$anonfun$callHelper$4(Worker.scala:127)
	at org.nlogo.lab.Worker$Runner.$anonfun$callHelper$4$adapted(Worker.scala:122)
	at scala.collection.TraversableLike$WithFilter.$anonfun$foreach$1(TraversableLike.scala:789)
	at scala.collection.immutable.List.foreach(List.scala:389)
	at scala.collection.TraversableLike$WithFilter.foreach(TraversableLike.scala:788)
	at org.nlogo.lab.Worker$Runner.setVariables$1(Worker.scala:122)
	at org.nlogo.lab.Worker$Runner.callHelper(Worker.scala:167)
	at org.nlogo.lab.Worker$Runner.call(Worker.scala:91)
	at org.nlogo.lab.Worker$Runner.call(Worker.scala:74)
	at java.util.concurrent.FutureTask.run(FutureTask.java:266)
	at java.util.concurrent.ThreadPoolExecutor.runWorker(ThreadPoolExecutor.java:1149)
	at java.util.concurrent.ThreadPoolExecutor$Worker.run(ThreadPoolExecutor.java:624)
	at java.lang.Thread.run(Thread.java:748)
Exception in thread "main" java.util.concurrent.ExecutionException: java.util.NoSuchElementException: queue empty
	at java.util.concurrent.FutureTask.report(FutureTask.java:122)
	at java.util.concurrent.FutureTask.get(FutureTask.java:192)
	at org.nlogo.lab.Worker.$anonfun$run$5(Worker.scala:47)
	at org.nlogo.lab.Worker.$anonfun$run$5$adapted(Worker.scala:47)
	at scala.collection.Iterator.foreach(Iterator.scala:929)
	at scala.collection.Iterator.foreach$(Iterator.scala:929)
	at scala.collection.AbstractIterator.foreach(Iterator.scala:1417)
	at scala.collection.IterableLike.foreach(IterableLike.scala:71)
	at scala.collection.IterableLike.foreach$(IterableLike.scala:70)
	at scala.collection.AbstractIterable.foreach(Iterable.scala:54)
	at org.nlogo.lab.Worker.run(Worker.scala:47)
	at org.nlogo.lab.Lab.run(Lab.scala:49)
	at org.nlogo.headless.Main$.runExperiment(Main.scala:30)
	at org.nlogo.headless.Main$.$anonfun$main$1(Main.scala:12)
	at org.nlogo.headless.Main$.$anonfun$main$1$adapted(Main.scala:12)
	at scala.Option.foreach(Option.scala:257)
	at org.nlogo.headless.Main$.main(Main.scala:12)
	at org.nlogo.headless.Main.main(Main.scala)
Caused by: java.util.NoSuchElementException: queue empty
	at scala.collection.mutable.Queue.dequeue(Queue.scala:66)
	at org.nlogo.lab.Lab.nextWorkspace$1(Lab.scala:48)
	at org.nlogo.lab.Lab.$anonfun$run$9(Lab.scala:49)
	at org.nlogo.lab.Worker$Runner.call(Worker.scala:90)
	at org.nlogo.lab.Worker$Runner.call(Worker.scala:74)
	at java.util.concurrent.FutureTask.run(FutureTask.java:266)
	at java.util.concurrent.ThreadPoolExecutor.runWorker(ThreadPoolExecutor.java:1149)
	at java.util.concurrent.ThreadPoolExecutor$Worker.run(ThreadPoolExecutor.java:624)
	at java.lang.Thread.run(Thread.java:748)
