Exception in thread "JobThread" java.lang.NoClassDefFoundError: org/nlogo/api/Exceptions$
	at org.nlogo.job.JobThread.run(JobThread.scala:65)
Caused by: java.lang.ClassNotFoundException: org.nlogo.api.Exceptions$
	at java.net.URLClassLoader$1.run(URLClassLoader.java:370)
	at java.net.URLClassLoader$1.run(URLClassLoader.java:362)
	at java.security.AccessController.doPrivileged(Native Method)
	at java.net.URLClassLoader.findClass(URLClassLoader.java:361)
	at java.lang.ClassLoader.loadClass(ClassLoader.java:424)
	at sun.misc.Launcher$AppClassLoader.loadClass(Launcher.java:338)
	at java.lang.ClassLoader.loadClass(ClassLoader.java:357)
	... 1 more
Caused by: java.io.EOFException: Detect premature EOF
	at sun.misc.Resource.getBytes(Resource.java:131)
	at java.net.URLClassLoader.defineClass(URLClassLoader.java:462)
	at java.net.URLClassLoader.access$100(URLClassLoader.java:73)
	at java.net.URLClassLoader$1.run(URLClassLoader.java:368)
	... 7 more
Exception in thread "JobThread" java.lang.NoClassDefFoundError: org/nlogo/api/Exceptions$
	at org.nlogo.job.JobThread.run(JobThread.scala:65)
Error in checkForRemoteErrors(val) : 
  3 nodes produced errors; first error: java.lang.Exception: Found unknown datatype: null
Calls: nl_run ... clusterApply -> staticClusterApply -> checkForRemoteErrors
Execution halted
srun: error: cg17-4: task 0: Exited with exit code 1
