Exception in thread "main" java.io.FileNotFoundException: /home/fzhang59/dev/Dissertation-ABM-paper/Agave_Experiment/Dissertation_ABM_update2020.nlogo (No such file or directory)
	at java.io.FileInputStream.open0(Native Method)
	at java.io.FileInputStream.open(FileInputStream.java:195)
	at java.io.FileInputStream.<init>(FileInputStream.java:138)
	at scala.io.Source$.fromFile(Source.scala:91)
	at scala.io.Source$.fromFile(Source.scala:76)
	at scala.io.Source$.fromURI(Source.scala:121)
	at org.nlogo.fileformat.AbstractNLogoFormat.$anonfun$sections$1(NLogoFormat.scala:37)
	at scala.util.Try$.apply(Try.scala:209)
	at org.nlogo.fileformat.AbstractNLogoFormat.sections(NLogoFormat.scala:36)
	at org.nlogo.fileformat.AbstractNLogoFormat.sections$(NLogoFormat.scala:34)
	at org.nlogo.fileformat.NLogoFormat.sections(NLogoFormat.scala:16)
	at org.nlogo.api.ModelFormat.load(ModelFormat.scala:53)
	at org.nlogo.api.ModelFormat.load$(ModelFormat.scala:51)
	at org.nlogo.fileformat.NLogoFormat.load(NLogoFormat.scala:16)
	at org.nlogo.api.FormatterPair.load(ModelLoader.scala:26)
	at org.nlogo.api.ModelLoader.readModel(ModelLoader.scala:60)
	at org.nlogo.api.ModelLoader.readModel$(ModelLoader.scala:57)
	at org.nlogo.api.ConfigurableModelLoader.readModel(ModelLoader.scala:90)
	at org.nlogo.headless.HeadlessWorkspace.open(HeadlessWorkspace.scala:491)
	at org.nlogo.headless.Main$.newWorkspace$1(Main.scala:18)
	at org.nlogo.headless.Main$.runExperiment(Main.scala:21)
	at org.nlogo.headless.Main$.$anonfun$main$1(Main.scala:12)
	at org.nlogo.headless.Main$.$anonfun$main$1$adapted(Main.scala:12)
	at scala.Option.foreach(Option.scala:257)
	at org.nlogo.headless.Main$.main(Main.scala:12)
	at org.nlogo.headless.Main.main(Main.scala)
slurmstepd: error: *** JOB 2629635 ON cg11-11 CANCELLED AT 2020-01-13T10:01:10 ***
