Exception in thread "JobThread" java.lang.OutOfMemoryError: GC overhead limit exceeded
	at java.util.LinkedHashMap.newNode(LinkedHashMap.java:256)
	at java.util.HashMap.putVal(HashMap.java:631)
	at java.util.HashMap.put(HashMap.java:612)
	at java.util.HashSet.add(HashSet.java:220)
	at org.nlogo.prim.etc._turtleset.report(_turtleset.java:38)
	at org.nlogo.prim._asm_updateaspiration_anonymouscommandxifticksitem0xmemorysetmyreferenceturtles$55bbc57b82fb16bd9413148048170129$_setbreedvariable_1.perform()
	at org.nlogo.nvm.Context.runExclusive(Context.java:135)
	at org.nlogo.nvm.AnonymousCommand.perform(AnonymousProcedure.scala:175)
	at org.nlogo.nvm.AnonymousCommand.perform(AnonymousProcedure.scala:158)
	at org.nlogo.prim.etc._foreach.perform(_foreach.scala:33)
	at org.nlogo.nvm.Context.runExclusive(Context.java:135)
	at org.nlogo.nvm.ExclusiveJob.run(ExclusiveJob.scala:39)
	at org.nlogo.nvm.Context.runExclusiveJob(Context.java:181)
	at org.nlogo.prim._asm_procedureupdateaspiration_ask_0.perform(:1)
	at org.nlogo.nvm.Context.stepConcurrent(Context.java:107)
	at org.nlogo.nvm.ConcurrentJob.step(ConcurrentJob.scala:65)
	at org.nlogo.job.JobThread.runPrimaryJobs(JobThread.scala:133)
	at org.nlogo.job.JobThread.$anonfun$run$1(JobThread.scala:68)
	at org.nlogo.job.JobThread$$Lambda$50/915760002.apply$mcV$sp(Unknown Source)
	at scala.runtime.java8.JFunction0$mcV$sp.apply(JFunction0$mcV$sp.java:12)
	at scala.util.control.Exception$Catch.apply(Exception.scala:224)
	at org.nlogo.api.Exceptions$.handling(Exceptions.scala:41)
	at org.nlogo.job.JobThread.run(JobThread.scala:66)
Exception in thread "JobThread" java.lang.OutOfMemoryError: GC overhead limit exceeded
	at org.nlogo.nvm.Binding.enterScope(Binding.scala:69)
	at org.nlogo.nvm.AnonymousCommand.perform(AnonymousProcedure.scala:173)
	at org.nlogo.nvm.AnonymousCommand.perform(AnonymousProcedure.scala:158)
	at org.nlogo.prim.etc._foreach.perform(_foreach.scala:33)
	at org.nlogo.nvm.Context.runExclusive(Context.java:135)
	at org.nlogo.nvm.ExclusiveJob.run(ExclusiveJob.scala:39)
	at org.nlogo.nvm.Context.runExclusiveJob(Context.java:181)
	at org.nlogo.prim._asm_procedureupdateaspiration_ask_0.perform(:1)
	at org.nlogo.nvm.Context.stepConcurrent(Context.java:107)
	at org.nlogo.nvm.ConcurrentJob.step(ConcurrentJob.scala:65)
	at org.nlogo.job.JobThread.runPrimaryJobs(JobThread.scala:133)
	at org.nlogo.job.JobThread.$anonfun$run$1(JobThread.scala:68)
	at org.nlogo.job.JobThread$$Lambda$50/915760002.apply$mcV$sp(Unknown Source)
	at scala.runtime.java8.JFunction0$mcV$sp.apply(JFunction0$mcV$sp.java:12)
	at scala.util.control.Exception$Catch.apply(Exception.scala:224)
	at org.nlogo.api.Exceptions$.handling(Exceptions.scala:41)
	at org.nlogo.job.JobThread.run(JobThread.scala:66)
Exception in thread "JobThread" java.lang.OutOfMemoryError: GC overhead limit exceeded
	at java.util.LinkedHashMap.newNode(LinkedHashMap.java:256)
	at java.util.HashMap.putVal(HashMap.java:642)
	at java.util.HashMap.put(HashMap.java:612)
	at java.util.HashSet.add(HashSet.java:220)
	at org.nlogo.prim.etc._turtleset.report(_turtleset.java:38)
	at org.nlogo.prim._asm_updateaspiration_anonymouscommandxifticksitem0xmemorysetmyreferenceturtles$55bbc57b82fb16bd9413148048170129$_setbreedvariable_1.perform()
	at org.nlogo.nvm.Context.runExclusive(Context.java:135)
	at org.nlogo.nvm.AnonymousCommand.perform(AnonymousProcedure.scala:175)
	at org.nlogo.nvm.AnonymousCommand.perform(AnonymousProcedure.scala:158)
	at org.nlogo.prim.etc._foreach.perform(_foreach.scala:33)
	at org.nlogo.nvm.Context.runExclusive(Context.java:135)
	at org.nlogo.nvm.ExclusiveJob.run(ExclusiveJob.scala:39)
	at org.nlogo.nvm.Context.runExclusiveJob(Context.java:181)
	at org.nlogo.prim._asm_procedureupdateaspiration_ask_0.perform(:1)
	at org.nlogo.nvm.Context.stepConcurrent(Context.java:107)
	at org.nlogo.nvm.ConcurrentJob.step(ConcurrentJob.scala:65)
	at org.nlogo.job.JobThread.runPrimaryJobs(JobThread.scala:133)
	at org.nlogo.job.JobThread.$anonfun$run$1(JobThread.scala:68)
	at org.nlogo.job.JobThread$$Lambda$50/915760002.apply$mcV$sp(Unknown Source)
	at scala.runtime.java8.JFunction0$mcV$sp.apply(JFunction0$mcV$sp.java:12)
	at scala.util.control.Exception$Catch.apply(Exception.scala:224)
	at org.nlogo.api.Exceptions$.handling(Exceptions.scala:41)
	at org.nlogo.job.JobThread.run(JobThread.scala:66)
Run #53, RUNTIME ERROR: Stopping condition failed to report a result:
ticks > 1000
org.nlogo.lab.Worker$Runner$FailedException: Stopping condition failed to report a result:
ticks > 1000
	at org.nlogo.lab.Worker$Runner.exitConditionTrue$1(Worker.scala:143)
	at org.nlogo.lab.Worker$Runner.callHelper(Worker.scala:178)
	at org.nlogo.lab.Worker$Runner.call(Worker.scala:91)
	at org.nlogo.lab.Worker$Runner.call(Worker.scala:74)
	at java.util.concurrent.FutureTask.run(FutureTask.java:266)
	at java.util.concurrent.ThreadPoolExecutor.runWorker(ThreadPoolExecutor.java:1149)
	at java.util.concurrent.ThreadPoolExecutor$Worker.run(ThreadPoolExecutor.java:624)
	at java.lang.Thread.run(Thread.java:748)
Run #51, RUNTIME ERROR: Stopping condition failed to report a result:
ticks > 1000
org.nlogo.lab.Worker$Runner$FailedException: Stopping condition failed to report a result:
ticks > 1000
	at org.nlogo.lab.Worker$Runner.exitConditionTrue$1(Worker.scala:143)
	at org.nlogo.lab.Worker$Runner.callHelper(Worker.scala:178)
	at org.nlogo.lab.Worker$Runner.call(Worker.scala:91)
	at org.nlogo.lab.Worker$Runner.call(Worker.scala:74)
	at java.util.concurrent.FutureTask.run(FutureTask.java:266)
	at java.util.concurrent.ThreadPoolExecutor.runWorker(ThreadPoolExecutor.java:1149)
	at java.util.concurrent.ThreadPoolExecutor$Worker.run(ThreadPoolExecutor.java:624)
	at java.lang.Thread.run(Thread.java:748)
Run #55, RUNTIME ERROR: Stopping condition failed to report a result:
ticks > 1000
org.nlogo.lab.Worker$Runner$FailedException: Stopping condition failed to report a result:
ticks > 1000
	at org.nlogo.lab.Worker$Runner.exitConditionTrue$1(Worker.scala:143)
	at org.nlogo.lab.Worker$Runner.callHelper(Worker.scala:178)
	at org.nlogo.lab.Worker$Runner.call(Worker.scala:91)
	at org.nlogo.lab.Worker$Runner.call(Worker.scala:74)
	at java.util.concurrent.FutureTask.run(FutureTask.java:266)
	at java.util.concurrent.ThreadPoolExecutor.runWorker(ThreadPoolExecutor.java:1149)
	at java.util.concurrent.ThreadPoolExecutor$Worker.run(ThreadPoolExecutor.java:624)
	at java.lang.Thread.run(Thread.java:748)
Exception in thread "JobThread" java.lang.OutOfMemoryError: GC overhead limit exceeded
	at org.nlogo.nvm.AnonymousCommand.perform(AnonymousProcedure.scala:166)
	at org.nlogo.nvm.AnonymousCommand.perform(AnonymousProcedure.scala:158)
	at org.nlogo.prim.etc._foreach.perform(_foreach.scala:33)
	at org.nlogo.nvm.Context.runExclusive(Context.java:135)
	at org.nlogo.nvm.ExclusiveJob.run(ExclusiveJob.scala:39)
	at org.nlogo.nvm.Context.runExclusiveJob(Context.java:181)
	at org.nlogo.prim._asm_procedureupdateaspiration_ask_0.perform(:1)
	at org.nlogo.nvm.Context.stepConcurrent(Context.java:107)
	at org.nlogo.nvm.ConcurrentJob.step(ConcurrentJob.scala:65)
	at org.nlogo.job.JobThread.runPrimaryJobs(JobThread.scala:133)
	at org.nlogo.job.JobThread.$anonfun$run$1(JobThread.scala:68)
	at org.nlogo.job.JobThread$$Lambda$50/915760002.apply$mcV$sp(Unknown Source)
	at scala.runtime.java8.JFunction0$mcV$sp.apply(JFunction0$mcV$sp.java:12)
	at scala.util.control.Exception$Catch.apply(Exception.scala:224)
	at org.nlogo.api.Exceptions$.handling(Exceptions.scala:41)
	at org.nlogo.job.JobThread.run(JobThread.scala:66)
Run #20, RUNTIME ERROR: Stopping condition failed to report a result:
ticks > 1000
org.nlogo.lab.Worker$Runner$FailedException: Stopping condition failed to report a result:
ticks > 1000
	at org.nlogo.lab.Worker$Runner.exitConditionTrue$1(Worker.scala:143)
	at org.nlogo.lab.Worker$Runner.callHelper(Worker.scala:178)
	at org.nlogo.lab.Worker$Runner.call(Worker.scala:91)
	at org.nlogo.lab.Worker$Runner.call(Worker.scala:74)
	at java.util.concurrent.FutureTask.run(FutureTask.java:266)
	at java.util.concurrent.ThreadPoolExecutor.runWorker(ThreadPoolExecutor.java:1149)
	at java.util.concurrent.ThreadPoolExecutor$Worker.run(ThreadPoolExecutor.java:624)
	at java.lang.Thread.run(Thread.java:748)
Exception in thread "JobThread" java.lang.OutOfMemoryError: GC overhead limit exceeded
Run #23, RUNTIME ERROR: Stopping condition failed to report a result:
ticks > 1000
org.nlogo.lab.Worker$Runner$FailedException: Stopping condition failed to report a result:
ticks > 1000
	at org.nlogo.lab.Worker$Runner.exitConditionTrue$1(Worker.scala:143)
	at org.nlogo.lab.Worker$Runner.callHelper(Worker.scala:178)
	at org.nlogo.lab.Worker$Runner.call(Worker.scala:91)
	at org.nlogo.lab.Worker$Runner.call(Worker.scala:74)
	at java.util.concurrent.FutureTask.run(FutureTask.java:266)
	at java.util.concurrent.ThreadPoolExecutor.runWorker(ThreadPoolExecutor.java:1149)
	at java.util.concurrent.ThreadPoolExecutor$Worker.run(ThreadPoolExecutor.java:624)
	at java.lang.Thread.run(Thread.java:748)
Exception in thread "JobThread" java.lang.OutOfMemoryError: GC overhead limit exceeded
Run #60, RUNTIME ERROR: Stopping condition failed to report a result:
ticks > 1000
org.nlogo.lab.Worker$Runner$FailedException: Stopping condition failed to report a result:
ticks > 1000
	at org.nlogo.lab.Worker$Runner.exitConditionTrue$1(Worker.scala:143)
	at org.nlogo.lab.Worker$Runner.callHelper(Worker.scala:178)
	at org.nlogo.lab.Worker$Runner.call(Worker.scala:91)
	at org.nlogo.lab.Worker$Runner.call(Worker.scala:74)
	at java.util.concurrent.FutureTask.run(FutureTask.java:266)
	at java.util.concurrent.ThreadPoolExecutor.runWorker(ThreadPoolExecutor.java:1149)
	at java.util.concurrent.ThreadPoolExecutor$Worker.run(ThreadPoolExecutor.java:624)
	at java.lang.Thread.run(Thread.java:748)
Exception in thread "JobThread" java.lang.OutOfMemoryError: GC overhead limit exceeded
Run #24, RUNTIME ERROR: Stopping condition failed to report a result:
ticks > 1000
org.nlogo.lab.Worker$Runner$FailedException: Stopping condition failed to report a result:
ticks > 1000
	at org.nlogo.lab.Worker$Runner.exitConditionTrue$1(Worker.scala:143)
	at org.nlogo.lab.Worker$Runner.callHelper(Worker.scala:178)
	at org.nlogo.lab.Worker$Runner.call(Worker.scala:91)
	at org.nlogo.lab.Worker$Runner.call(Worker.scala:74)
	at java.util.concurrent.FutureTask.run(FutureTask.java:266)
	at java.util.concurrent.ThreadPoolExecutor.runWorker(ThreadPoolExecutor.java:1149)
	at java.util.concurrent.ThreadPoolExecutor$Worker.run(ThreadPoolExecutor.java:624)
	at java.lang.Thread.run(Thread.java:748)
Exception in thread "JobThread" java.lang.OutOfMemoryError: GC overhead limit exceeded
Run #57, RUNTIME ERROR: Stopping condition failed to report a result:
ticks > 1000
org.nlogo.lab.Worker$Runner$FailedException: Stopping condition failed to report a result:
ticks > 1000
	at org.nlogo.lab.Worker$Runner.exitConditionTrue$1(Worker.scala:143)
	at org.nlogo.lab.Worker$Runner.callHelper(Worker.scala:178)
	at org.nlogo.lab.Worker$Runner.call(Worker.scala:91)
	at org.nlogo.lab.Worker$Runner.call(Worker.scala:74)
	at java.util.concurrent.FutureTask.run(FutureTask.java:266)
	at java.util.concurrent.ThreadPoolExecutor.runWorker(ThreadPoolExecutor.java:1149)
	at java.util.concurrent.ThreadPoolExecutor$Worker.run(ThreadPoolExecutor.java:624)
	at java.lang.Thread.run(Thread.java:748)
Exception in thread "JobThread" java.lang.OutOfMemoryError: GC overhead limit exceeded
Run #28, RUNTIME ERROR: Stopping condition failed to report a result:
ticks > 1000
org.nlogo.lab.Worker$Runner$FailedException: Stopping condition failed to report a result:
ticks > 1000
	at org.nlogo.lab.Worker$Runner.exitConditionTrue$1(Worker.scala:143)
	at org.nlogo.lab.Worker$Runner.callHelper(Worker.scala:178)
	at org.nlogo.lab.Worker$Runner.call(Worker.scala:91)
	at org.nlogo.lab.Worker$Runner.call(Worker.scala:74)
	at java.util.concurrent.FutureTask.run(FutureTask.java:266)
	at java.util.concurrent.ThreadPoolExecutor.runWorker(ThreadPoolExecutor.java:1149)
	at java.util.concurrent.ThreadPoolExecutor$Worker.run(ThreadPoolExecutor.java:624)
	at java.lang.Thread.run(Thread.java:748)
Exception in thread "JobThread" java.lang.OutOfMemoryError: GC overhead limit exceeded
Run #31, RUNTIME ERROR: Stopping condition failed to report a result:
ticks > 1000
org.nlogo.lab.Worker$Runner$FailedException: Stopping condition failed to report a result:
ticks > 1000
	at org.nlogo.lab.Worker$Runner.exitConditionTrue$1(Worker.scala:143)
	at org.nlogo.lab.Worker$Runner.callHelper(Worker.scala:178)
	at org.nlogo.lab.Worker$Runner.call(Worker.scala:91)
	at org.nlogo.lab.Worker$Runner.call(Worker.scala:74)
	at java.util.concurrent.FutureTask.run(FutureTask.java:266)
	at java.util.concurrent.ThreadPoolExecutor.runWorker(ThreadPoolExecutor.java:1149)
	at java.util.concurrent.ThreadPoolExecutor$Worker.run(ThreadPoolExecutor.java:624)
	at java.lang.Thread.run(Thread.java:748)
Exception in thread "JobThread" java.lang.OutOfMemoryError: GC overhead limit exceeded
Run #30, RUNTIME ERROR: Stopping condition failed to report a result:
ticks > 1000
org.nlogo.lab.Worker$Runner$FailedException: Stopping condition failed to report a result:
ticks > 1000
	at org.nlogo.lab.Worker$Runner.exitConditionTrue$1(Worker.scala:143)
	at org.nlogo.lab.Worker$Runner.callHelper(Worker.scala:178)
	at org.nlogo.lab.Worker$Runner.call(Worker.scala:91)
	at org.nlogo.lab.Worker$Runner.call(Worker.scala:74)
	at java.util.concurrent.FutureTask.run(FutureTask.java:266)
	at java.util.concurrent.ThreadPoolExecutor.runWorker(ThreadPoolExecutor.java:1149)
	at java.util.concurrent.ThreadPoolExecutor$Worker.run(ThreadPoolExecutor.java:624)
	at java.lang.Thread.run(Thread.java:748)
Exception in thread "JobThread" java.lang.OutOfMemoryError: GC overhead limit exceeded
Run #58, RUNTIME ERROR: Stopping condition failed to report a result:
ticks > 1000
org.nlogo.lab.Worker$Runner$FailedException: Stopping condition failed to report a result:
ticks > 1000
	at org.nlogo.lab.Worker$Runner.exitConditionTrue$1(Worker.scala:143)
	at org.nlogo.lab.Worker$Runner.callHelper(Worker.scala:178)
	at org.nlogo.lab.Worker$Runner.call(Worker.scala:91)
	at org.nlogo.lab.Worker$Runner.call(Worker.scala:74)
	at java.util.concurrent.FutureTask.run(FutureTask.java:266)
	at java.util.concurrent.ThreadPoolExecutor.runWorker(ThreadPoolExecutor.java:1149)
	at java.util.concurrent.ThreadPoolExecutor$Worker.run(ThreadPoolExecutor.java:624)
	at java.lang.Thread.run(Thread.java:748)
Exception in thread "JobThread" java.lang.OutOfMemoryError: GC overhead limit exceeded
Run #54, RUNTIME ERROR: Stopping condition failed to report a result:
ticks > 1000
org.nlogo.lab.Worker$Runner$FailedException: Stopping condition failed to report a result:
ticks > 1000
	at org.nlogo.lab.Worker$Runner.exitConditionTrue$1(Worker.scala:143)
	at org.nlogo.lab.Worker$Runner.callHelper(Worker.scala:178)
	at org.nlogo.lab.Worker$Runner.call(Worker.scala:91)
	at org.nlogo.lab.Worker$Runner.call(Worker.scala:74)
	at java.util.concurrent.FutureTask.run(FutureTask.java:266)
	at java.util.concurrent.ThreadPoolExecutor.runWorker(ThreadPoolExecutor.java:1149)
	at java.util.concurrent.ThreadPoolExecutor$Worker.run(ThreadPoolExecutor.java:624)
	at java.lang.Thread.run(Thread.java:748)
Exception in thread "JobThread" java.lang.OutOfMemoryError: GC overhead limit exceeded
Run #27, RUNTIME ERROR: Stopping condition failed to report a result:
ticks > 1000
org.nlogo.lab.Worker$Runner$FailedException: Stopping condition failed to report a result:
ticks > 1000
	at org.nlogo.lab.Worker$Runner.exitConditionTrue$1(Worker.scala:143)
	at org.nlogo.lab.Worker$Runner.callHelper(Worker.scala:178)
	at org.nlogo.lab.Worker$Runner.call(Worker.scala:91)
	at org.nlogo.lab.Worker$Runner.call(Worker.scala:74)
	at java.util.concurrent.FutureTask.run(FutureTask.java:266)
	at java.util.concurrent.ThreadPoolExecutor.runWorker(ThreadPoolExecutor.java:1149)
	at java.util.concurrent.ThreadPoolExecutor$Worker.run(ThreadPoolExecutor.java:624)
	at java.lang.Thread.run(Thread.java:748)
Exception in thread "JobThread" java.lang.OutOfMemoryError: GC overhead limit exceeded
Run #29, RUNTIME ERROR: Stopping condition failed to report a result:
ticks > 1000
org.nlogo.lab.Worker$Runner$FailedException: Stopping condition failed to report a result:
ticks > 1000
	at org.nlogo.lab.Worker$Runner.exitConditionTrue$1(Worker.scala:143)
	at org.nlogo.lab.Worker$Runner.callHelper(Worker.scala:178)
	at org.nlogo.lab.Worker$Runner.call(Worker.scala:91)
	at org.nlogo.lab.Worker$Runner.call(Worker.scala:74)
	at java.util.concurrent.FutureTask.run(FutureTask.java:266)
	at java.util.concurrent.ThreadPoolExecutor.runWorker(ThreadPoolExecutor.java:1149)
	at java.util.concurrent.ThreadPoolExecutor$Worker.run(ThreadPoolExecutor.java:624)
	at java.lang.Thread.run(Thread.java:748)
Exception in thread "JobThread" java.lang.OutOfMemoryError: GC overhead limit exceeded
Run #22, RUNTIME ERROR: Stopping condition failed to report a result:
ticks > 1000
org.nlogo.lab.Worker$Runner$FailedException: Stopping condition failed to report a result:
ticks > 1000
	at org.nlogo.lab.Worker$Runner.exitConditionTrue$1(Worker.scala:143)
	at org.nlogo.lab.Worker$Runner.callHelper(Worker.scala:178)
	at org.nlogo.lab.Worker$Runner.call(Worker.scala:91)
	at org.nlogo.lab.Worker$Runner.call(Worker.scala:74)
	at java.util.concurrent.FutureTask.run(FutureTask.java:266)
	at java.util.concurrent.ThreadPoolExecutor.runWorker(ThreadPoolExecutor.java:1149)
	at java.util.concurrent.ThreadPoolExecutor$Worker.run(ThreadPoolExecutor.java:624)
	at java.lang.Thread.run(Thread.java:748)
Exception in thread "JobThread" java.lang.OutOfMemoryError: GC overhead limit exceeded
Run #59, RUNTIME ERROR: Stopping condition failed to report a result:
ticks > 1000
org.nlogo.lab.Worker$Runner$FailedException: Stopping condition failed to report a result:
ticks > 1000
	at org.nlogo.lab.Worker$Runner.exitConditionTrue$1(Worker.scala:143)
	at org.nlogo.lab.Worker$Runner.callHelper(Worker.scala:178)
	at org.nlogo.lab.Worker$Runner.call(Worker.scala:91)
	at org.nlogo.lab.Worker$Runner.call(Worker.scala:74)
	at java.util.concurrent.FutureTask.run(FutureTask.java:266)
	at java.util.concurrent.ThreadPoolExecutor.runWorker(ThreadPoolExecutor.java:1149)
	at java.util.concurrent.ThreadPoolExecutor$Worker.run(ThreadPoolExecutor.java:624)
	at java.lang.Thread.run(Thread.java:748)
Exception in thread "JobThread" java.lang.OutOfMemoryError: GC overhead limit exceeded
Run #32, RUNTIME ERROR: Stopping condition failed to report a result:
ticks > 1000
org.nlogo.lab.Worker$Runner$FailedException: Stopping condition failed to report a result:
ticks > 1000
	at org.nlogo.lab.Worker$Runner.exitConditionTrue$1(Worker.scala:143)
	at org.nlogo.lab.Worker$Runner.callHelper(Worker.scala:178)
	at org.nlogo.lab.Worker$Runner.call(Worker.scala:91)
	at org.nlogo.lab.Worker$Runner.call(Worker.scala:74)
	at java.util.concurrent.FutureTask.run(FutureTask.java:266)
	at java.util.concurrent.ThreadPoolExecutor.runWorker(ThreadPoolExecutor.java:1149)
	at java.util.concurrent.ThreadPoolExecutor$Worker.run(ThreadPoolExecutor.java:624)
	at java.lang.Thread.run(Thread.java:748)
Exception in thread "JobThread" java.lang.OutOfMemoryError: GC overhead limit exceeded
Run #21, RUNTIME ERROR: Stopping condition failed to report a result:
ticks > 1000
org.nlogo.lab.Worker$Runner$FailedException: Stopping condition failed to report a result:
ticks > 1000
	at org.nlogo.lab.Worker$Runner.exitConditionTrue$1(Worker.scala:143)
	at org.nlogo.lab.Worker$Runner.callHelper(Worker.scala:178)
	at org.nlogo.lab.Worker$Runner.call(Worker.scala:91)
	at org.nlogo.lab.Worker$Runner.call(Worker.scala:74)
	at java.util.concurrent.FutureTask.run(FutureTask.java:266)
	at java.util.concurrent.ThreadPoolExecutor.runWorker(ThreadPoolExecutor.java:1149)
	at java.util.concurrent.ThreadPoolExecutor$Worker.run(ThreadPoolExecutor.java:624)
	at java.lang.Thread.run(Thread.java:748)
Exception in thread "JobThread" java.lang.OutOfMemoryError: GC overhead limit exceeded
Run #50, RUNTIME ERROR: Stopping condition failed to report a result:
ticks > 1000
org.nlogo.lab.Worker$Runner$FailedException: Stopping condition failed to report a result:
ticks > 1000
	at org.nlogo.lab.Worker$Runner.exitConditionTrue$1(Worker.scala:143)
	at org.nlogo.lab.Worker$Runner.callHelper(Worker.scala:178)
	at org.nlogo.lab.Worker$Runner.call(Worker.scala:91)
	at org.nlogo.lab.Worker$Runner.call(Worker.scala:74)
	at java.util.concurrent.FutureTask.run(FutureTask.java:266)
	at java.util.concurrent.ThreadPoolExecutor.runWorker(ThreadPoolExecutor.java:1149)
	at java.util.concurrent.ThreadPoolExecutor$Worker.run(ThreadPoolExecutor.java:624)
	at java.lang.Thread.run(Thread.java:748)
Exception in thread "JobThread" java.lang.OutOfMemoryError: GC overhead limit exceeded
Run #49, RUNTIME ERROR: Stopping condition failed to report a result:
ticks > 1000
org.nlogo.lab.Worker$Runner$FailedException: Stopping condition failed to report a result:
ticks > 1000
	at org.nlogo.lab.Worker$Runner.exitConditionTrue$1(Worker.scala:143)
	at org.nlogo.lab.Worker$Runner.callHelper(Worker.scala:178)
	at org.nlogo.lab.Worker$Runner.call(Worker.scala:91)
	at org.nlogo.lab.Worker$Runner.call(Worker.scala:74)
	at java.util.concurrent.FutureTask.run(FutureTask.java:266)
	at java.util.concurrent.ThreadPoolExecutor.runWorker(ThreadPoolExecutor.java:1149)
	at java.util.concurrent.ThreadPoolExecutor$Worker.run(ThreadPoolExecutor.java:624)
	at java.lang.Thread.run(Thread.java:748)
Exception in thread "JobThread" java.lang.OutOfMemoryError: GC overhead limit exceeded
Run #18, RUNTIME ERROR: Stopping condition failed to report a result:
ticks > 1000
org.nlogo.lab.Worker$Runner$FailedException: Stopping condition failed to report a result:
ticks > 1000
	at org.nlogo.lab.Worker$Runner.exitConditionTrue$1(Worker.scala:143)
	at org.nlogo.lab.Worker$Runner.callHelper(Worker.scala:178)
	at org.nlogo.lab.Worker$Runner.call(Worker.scala:91)
	at org.nlogo.lab.Worker$Runner.call(Worker.scala:74)
	at java.util.concurrent.FutureTask.run(FutureTask.java:266)
	at java.util.concurrent.ThreadPoolExecutor.runWorker(ThreadPoolExecutor.java:1149)
	at java.util.concurrent.ThreadPoolExecutor$Worker.run(ThreadPoolExecutor.java:624)
	at java.lang.Thread.run(Thread.java:748)
Exception in thread "JobThread" java.lang.OutOfMemoryError: GC overhead limit exceeded
Run #19, RUNTIME ERROR: Stopping condition failed to report a result:
ticks > 1000
org.nlogo.lab.Worker$Runner$FailedException: Stopping condition failed to report a result:
ticks > 1000
	at org.nlogo.lab.Worker$Runner.exitConditionTrue$1(Worker.scala:143)
	at org.nlogo.lab.Worker$Runner.callHelper(Worker.scala:178)
	at org.nlogo.lab.Worker$Runner.call(Worker.scala:91)
	at org.nlogo.lab.Worker$Runner.call(Worker.scala:74)
	at java.util.concurrent.FutureTask.run(FutureTask.java:266)
	at java.util.concurrent.ThreadPoolExecutor.runWorker(ThreadPoolExecutor.java:1149)
	at java.util.concurrent.ThreadPoolExecutor$Worker.run(ThreadPoolExecutor.java:624)
	at java.lang.Thread.run(Thread.java:748)
Exception in thread "JobThread" java.lang.OutOfMemoryError: GC overhead limit exceeded
Run #25, RUNTIME ERROR: Stopping condition failed to report a result:
ticks > 1000
org.nlogo.lab.Worker$Runner$FailedException: Stopping condition failed to report a result:
ticks > 1000
	at org.nlogo.lab.Worker$Runner.exitConditionTrue$1(Worker.scala:143)
	at org.nlogo.lab.Worker$Runner.callHelper(Worker.scala:178)
	at org.nlogo.lab.Worker$Runner.call(Worker.scala:91)
	at org.nlogo.lab.Worker$Runner.call(Worker.scala:74)
	at java.util.concurrent.FutureTask.run(FutureTask.java:266)
	at java.util.concurrent.ThreadPoolExecutor.runWorker(ThreadPoolExecutor.java:1149)
	at java.util.concurrent.ThreadPoolExecutor$Worker.run(ThreadPoolExecutor.java:624)
	at java.lang.Thread.run(Thread.java:748)
Exception in thread "JobThread" java.lang.OutOfMemoryError: GC overhead limit exceeded
Run #56, RUNTIME ERROR: Stopping condition failed to report a result:
ticks > 1000
org.nlogo.lab.Worker$Runner$FailedException: Stopping condition failed to report a result:
ticks > 1000
	at org.nlogo.lab.Worker$Runner.exitConditionTrue$1(Worker.scala:143)
	at org.nlogo.lab.Worker$Runner.callHelper(Worker.scala:178)
	at org.nlogo.lab.Worker$Runner.call(Worker.scala:91)
	at org.nlogo.lab.Worker$Runner.call(Worker.scala:74)
	at java.util.concurrent.FutureTask.run(FutureTask.java:266)
	at java.util.concurrent.ThreadPoolExecutor.runWorker(ThreadPoolExecutor.java:1149)
	at java.util.concurrent.ThreadPoolExecutor$Worker.run(ThreadPoolExecutor.java:624)
	at java.lang.Thread.run(Thread.java:748)
Exception in thread "JobThread" java.lang.OutOfMemoryError: GC overhead limit exceeded
Run #52, RUNTIME ERROR: Stopping condition failed to report a result:
ticks > 1000
org.nlogo.lab.Worker$Runner$FailedException: Stopping condition failed to report a result:
ticks > 1000
	at org.nlogo.lab.Worker$Runner.exitConditionTrue$1(Worker.scala:143)
	at org.nlogo.lab.Worker$Runner.callHelper(Worker.scala:178)
	at org.nlogo.lab.Worker$Runner.call(Worker.scala:91)
	at org.nlogo.lab.Worker$Runner.call(Worker.scala:74)
	at java.util.concurrent.FutureTask.run(FutureTask.java:266)
	at java.util.concurrent.ThreadPoolExecutor.runWorker(ThreadPoolExecutor.java:1149)
	at java.util.concurrent.ThreadPoolExecutor$Worker.run(ThreadPoolExecutor.java:624)
	at java.lang.Thread.run(Thread.java:748)
Exception in thread "JobThread" java.lang.OutOfMemoryError: GC overhead limit exceeded
Run #17, RUNTIME ERROR: Stopping condition failed to report a result:
ticks > 1000
org.nlogo.lab.Worker$Runner$FailedException: Stopping condition failed to report a result:
ticks > 1000
	at org.nlogo.lab.Worker$Runner.exitConditionTrue$1(Worker.scala:143)
	at org.nlogo.lab.Worker$Runner.callHelper(Worker.scala:178)
	at org.nlogo.lab.Worker$Runner.call(Worker.scala:91)
	at org.nlogo.lab.Worker$Runner.call(Worker.scala:74)
	at java.util.concurrent.FutureTask.run(FutureTask.java:266)
	at java.util.concurrent.ThreadPoolExecutor.runWorker(ThreadPoolExecutor.java:1149)
	at java.util.concurrent.ThreadPoolExecutor$Worker.run(ThreadPoolExecutor.java:624)
	at java.lang.Thread.run(Thread.java:748)
Exception in thread "JobThread" java.lang.OutOfMemoryError: GC overhead limit exceeded
Run #26, RUNTIME ERROR: Stopping condition failed to report a result:
ticks > 1000
org.nlogo.lab.Worker$Runner$FailedException: Stopping condition failed to report a result:
ticks > 1000
	at org.nlogo.lab.Worker$Runner.exitConditionTrue$1(Worker.scala:143)
	at org.nlogo.lab.Worker$Runner.callHelper(Worker.scala:178)
	at org.nlogo.lab.Worker$Runner.call(Worker.scala:91)
	at org.nlogo.lab.Worker$Runner.call(Worker.scala:74)
	at java.util.concurrent.FutureTask.run(FutureTask.java:266)
	at java.util.concurrent.ThreadPoolExecutor.runWorker(ThreadPoolExecutor.java:1149)
	at java.util.concurrent.ThreadPoolExecutor$Worker.run(ThreadPoolExecutor.java:624)
	at java.lang.Thread.run(Thread.java:748)
Exception in thread "main" java.util.concurrent.ExecutionException: java.util.NoSuchElementException: queue empty
	at java.util.concurrent.FutureTask.report(FutureTask.java:122)
	at java.util.concurrent.FutureTask.get(FutureTask.java:192)
	at org.nlogo.lab.Worker.$anonfun$run$5(Worker.scala:47)
	at org.nlogo.lab.Worker.$anonfun$run$5$adapted(Worker.scala:47)
	at scala.collection.Iterator.foreach(Iterator.scala:929)
	at scala.collection.Iterator.foreach$(Iterator.scala:929)
	at scala.collection.AbstractIterator.foreach(Iterator.scala:1417)
	at scala.collection.IterableLike.foreach(IterableLike.scala:71)
	at scala.collection.IterableLike.foreach$(IterableLike.scala:70)
	at scala.collection.AbstractIterable.foreach(Iterable.scala:54)
	at org.nlogo.lab.Worker.run(Worker.scala:47)
	at org.nlogo.lab.Lab.run(Lab.scala:49)
	at org.nlogo.headless.Main$.runExperiment(Main.scala:30)
	at org.nlogo.headless.Main$.$anonfun$main$1(Main.scala:12)
	at org.nlogo.headless.Main$.$anonfun$main$1$adapted(Main.scala:12)
	at scala.Option.foreach(Option.scala:257)
	at org.nlogo.headless.Main$.main(Main.scala:12)
	at org.nlogo.headless.Main.main(Main.scala)
Caused by: java.util.NoSuchElementException: queue empty
	at scala.collection.mutable.Queue.dequeue(Queue.scala:66)
	at org.nlogo.lab.Lab.nextWorkspace$1(Lab.scala:48)
	at org.nlogo.lab.Lab.$anonfun$run$9(Lab.scala:49)
	at org.nlogo.lab.Worker$Runner.call(Worker.scala:90)
	at org.nlogo.lab.Worker$Runner.call(Worker.scala:74)
	at java.util.concurrent.FutureTask.run(FutureTask.java:266)
	at java.util.concurrent.ThreadPoolExecutor.runWorker(ThreadPoolExecutor.java:1149)
	at java.util.concurrent.ThreadPoolExecutor$Worker.run(ThreadPoolExecutor.java:624)
	at java.lang.Thread.run(Thread.java:748)
