Exception in thread "main" IF expected 2 inputs, a TRUE/FALSE and a command block. at position 7173 in 
	at org.nlogo.core.Fail$.exception(Fail.scala:27)
	at org.nlogo.core.Fail$.exception(Fail.scala:25)
	at org.nlogo.parse.ExpressionParser$.parseArgExpression(ExpressionParser.scala:233)
	at org.nlogo.parse.ExpressionParser$.$anonfun$parseArguments$1(ExpressionParser.scala:166)
	at org.nlogo.parse.ExpressionParser$.$anonfun$parseArguments$1$adapted(ExpressionParser.scala:165)
	at scala.collection.immutable.Range.foreach(Range.scala:156)
	at org.nlogo.parse.ExpressionParser$.parseArguments(ExpressionParser.scala:165)
	at org.nlogo.parse.ExpressionParser$.parsePotentiallyVariadicArgumentList(ExpressionParser.scala:88)
	at org.nlogo.parse.ExpressionParser$.parseStatement(ExpressionParser.scala:69)
	at org.nlogo.parse.ExpressionParser$.$anonfun$apply$1(ExpressionParser.scala:30)
	at org.nlogo.parse.ExpressionParser$.parseStatements(ExpressionParser.scala:42)
	at org.nlogo.parse.ExpressionParser$.apply(ExpressionParser.scala:30)
	at org.nlogo.parse.NetLogoParser.parseProcedure(NetLogoParser.scala:45)
	at org.nlogo.parse.NetLogoParser.parseProcedure$(NetLogoParser.scala:29)
	at org.nlogo.parse.FrontEnd$.parseProcedure(FrontEnd.scala:10)
	at org.nlogo.parse.NetLogoParser.$anonfun$basicParse$1(NetLogoParser.scala:25)
	at scala.collection.TraversableLike.$anonfun$map$1(TraversableLike.scala:234)
	at scala.collection.Iterator.foreach(Iterator.scala:929)
	at scala.collection.Iterator.foreach$(Iterator.scala:929)
	at scala.collection.AbstractIterator.foreach(Iterator.scala:1417)
	at scala.collection.MapLike$DefaultValuesIterable.foreach(MapLike.scala:210)
	at scala.collection.TraversableLike.map(TraversableLike.scala:234)
	at scala.collection.TraversableLike.map$(TraversableLike.scala:227)
	at scala.collection.AbstractTraversable.map(Traversable.scala:104)
	at org.nlogo.parse.NetLogoParser.basicParse(NetLogoParser.scala:25)
	at org.nlogo.parse.NetLogoParser.basicParse$(NetLogoParser.scala:15)
	at org.nlogo.parse.FrontEnd$.basicParse(FrontEnd.scala:10)
	at org.nlogo.parse.FrontEndMain.frontEnd(FrontEnd.scala:26)
	at org.nlogo.parse.FrontEndMain.frontEnd$(FrontEnd.scala:25)
	at org.nlogo.parse.FrontEnd$.frontEnd(FrontEnd.scala:10)
	at org.nlogo.compile.CompilerMain$.compile(CompilerMain.scala:42)
	at org.nlogo.compile.Compiler.compileProgram(Compiler.scala:50)
	at org.nlogo.headless.HeadlessModelOpener.openFromModel(HeadlessModelOpener.scala:49)
	at org.nlogo.headless.HeadlessWorkspace.openModel(HeadlessWorkspace.scala:528)
	at org.nlogo.headless.HeadlessWorkspace.open(HeadlessWorkspace.scala:495)
	at org.nlogo.headless.Main$.newWorkspace$1(Main.scala:18)
	at org.nlogo.headless.Main$.runExperiment(Main.scala:21)
	at org.nlogo.headless.Main$.$anonfun$main$1(Main.scala:12)
	at org.nlogo.headless.Main$.$anonfun$main$1$adapted(Main.scala:12)
	at scala.Option.foreach(Option.scala:257)
	at org.nlogo.headless.Main$.main(Main.scala:12)
	at org.nlogo.headless.Main.main(Main.scala)
slurmstepd: error: *** JOB 3264437 ON cg5-5 CANCELLED AT 2020-03-28T19:24:02 ***
